--------------------
Curr_Q = 1.000000,0.000000,0.000000,0.000000
Curr_T = 0.000000,0.000000,0.000000
Incre_Q = 1.000000,0.000000,0.000000,0.000000
Incre_T = 0.000000,0.000000,0.000000
Cost=-1.000000,blk_size = -1 
Ceres Solver Report: Iterations: -2, Initial cost: -1.000000e+00, Final cost: -1.000000e+00, Termination: FAILURE
--------------------
Curr_Q = 1.000000,0.000000,0.000000,0.000000
Curr_T = 0.000000,0.000000,0.000000
Incre_Q = 1.000000,0.000000,0.000000,0.000000
Incre_T = 0.000000,0.000000,0.000000
Cost=-1.000000,blk_size = -1 
Ceres Solver Report: Iterations: -2, Initial cost: -1.000000e+00, Final cost: -1.000000e+00, Termination: FAILURE
--------------------
Curr_Q = 1.000000,0.000000,0.000000,0.000000
Curr_T = 0.000000,0.000000,0.000000
Incre_Q = 1.000000,0.000000,0.000000,0.000000
Incre_T = 0.000000,0.000000,0.000000
Cost=-1.000000,blk_size = -1 
Ceres Solver Report: Iterations: -2, Initial cost: -1.000000e+00, Final cost: -1.000000e+00, Termination: FAILURE
--------------------
Curr_Q = 1.000000,0.000000,0.000000,0.000000
Curr_T = 0.000000,0.000000,0.000000
Incre_Q = 1.000000,0.000000,0.000000,0.000000
Incre_T = 0.000000,0.000000,0.000000
Cost=-1.000000,blk_size = -1 
Ceres Solver Report: Iterations: -2, Initial cost: -1.000000e+00, Final cost: -1.000000e+00, Termination: FAILURE
--------------------
Curr_Q = 1.000000,0.000000,0.000000,0.000000
Curr_T = 0.000000,0.000000,0.000000
Incre_Q = 1.000000,0.000000,0.000000,0.000000
Incre_T = 0.000000,0.000000,0.000000
Cost=-1.000000,blk_size = -1 
Ceres Solver Report: Iterations: -2, Initial cost: -1.000000e+00, Final cost: -1.000000e+00, Termination: FAILURE
--------------------
Curr_Q = 1.000000,0.000000,0.000000,0.000000
Curr_T = 0.000000,0.000000,0.000000
Incre_Q = 1.000000,0.000000,0.000000,0.000000
Incre_T = 0.000000,0.000000,0.000000
Cost=-1.000000,blk_size = -1 
Ceres Solver Report: Iterations: -2, Initial cost: -1.000000e+00, Final cost: -1.000000e+00, Termination: FAILURE
--------------------
Curr_Q = 1.000000,0.000000,0.000000,0.000000
Curr_T = 0.000000,0.000000,0.000000
Incre_Q = 1.000000,0.000000,0.000000,0.000000
Incre_T = 0.000000,0.000000,0.000000
Cost=-1.000000,blk_size = -1 
Ceres Solver Report: Iterations: -2, Initial cost: -1.000000e+00, Final cost: -1.000000e+00, Termination: FAILURE
--------------------
Curr_Q = 1.000000,0.000000,0.000000,0.000000
Curr_T = 0.000000,0.000000,0.000000
Incre_Q = 1.000000,0.000000,0.000000,0.000000
Incre_T = 0.000000,0.000000,0.000000
Cost=-1.000000,blk_size = -1 
Ceres Solver Report: Iterations: -2, Initial cost: -1.000000e+00, Final cost: -1.000000e+00, Termination: FAILURE
--------------------
Curr_Q = 1.000000,0.000000,0.000000,0.000000
Curr_T = 0.000000,0.000000,0.000000
Incre_Q = 1.000000,0.000000,0.000000,0.000000
Incre_T = 0.000000,0.000000,0.000000
Cost=-1.000000,blk_size = -1 
Ceres Solver Report: Iterations: -2, Initial cost: -1.000000e+00, Final cost: -1.000000e+00, Termination: FAILURE
--------------------
Curr_Q = 1.000000,0.000000,0.000000,0.000000
Curr_T = 0.000000,0.000000,0.000000
Incre_Q = 1.000000,0.000000,0.000000,0.000000
Incre_T = 0.000000,0.000000,0.000000
Cost=-1.000000,blk_size = -1 
Ceres Solver Report: Iterations: -2, Initial cost: -1.000000e+00, Final cost: -1.000000e+00, Termination: FAILURE
--------------------
Curr_Q = 1.000000,0.000000,0.000000,0.000000
Curr_T = 0.000000,0.000000,0.000000
Incre_Q = 1.000000,0.000000,0.000000,0.000000
Incre_T = 0.000000,0.000000,0.000000
Cost=-1.000000,blk_size = -1 
Ceres Solver Report: Iterations: -2, Initial cost: -1.000000e+00, Final cost: -1.000000e+00, Termination: FAILURE
--------------------
Curr_Q = 1.000000,0.000000,0.000000,0.000000
Curr_T = 0.000000,0.000000,0.000000
Incre_Q = 1.000000,0.000000,0.000000,0.000000
Incre_T = 0.000000,0.000000,0.000000
Cost=-1.000000,blk_size = -1 
Ceres Solver Report: Iterations: -2, Initial cost: -1.000000e+00, Final cost: -1.000000e+00, Termination: FAILURE
--------------------
Curr_Q = 1.000000,0.000000,0.000000,0.000000
Curr_T = 0.000000,0.000000,0.000000
Incre_Q = 1.000000,0.000000,0.000000,0.000000
Incre_T = 0.000000,0.000000,0.000000
Cost=-1.000000,blk_size = -1 
Ceres Solver Report: Iterations: -2, Initial cost: -1.000000e+00, Final cost: -1.000000e+00, Termination: FAILURE
--------------------
Curr_Q = 1.000000,0.000000,0.000000,0.000000
Curr_T = 0.000000,0.000000,0.000000
Incre_Q = 1.000000,0.000000,0.000000,0.000000
Incre_T = 0.000000,0.000000,0.000000
Cost=-1.000000,blk_size = -1 
Ceres Solver Report: Iterations: -2, Initial cost: -1.000000e+00, Final cost: -1.000000e+00, Termination: FAILURE
--------------------
Curr_Q = 1.000000,0.000000,0.000000,0.000000
Curr_T = 0.000000,0.000000,0.000000
Incre_Q = 1.000000,0.000000,0.000000,0.000000
Incre_T = 0.000000,0.000000,0.000000
Cost=-1.000000,blk_size = -1 
Ceres Solver Report: Iterations: -2, Initial cost: -1.000000e+00, Final cost: -1.000000e+00, Termination: FAILURE
--------------------
Curr_Q = 1.000000,0.000000,0.000000,0.000000
Curr_T = 0.000000,0.000000,0.000000
Incre_Q = 1.000000,0.000000,0.000000,0.000000
Incre_T = 0.000000,0.000000,0.000000
Cost=-1.000000,blk_size = -1 
Ceres Solver Report: Iterations: -2, Initial cost: -1.000000e+00, Final cost: -1.000000e+00, Termination: FAILURE
--------------------
Curr_Q = 1.000000,0.000000,0.000000,0.000000
Curr_T = 0.000000,0.000000,0.000000
Incre_Q = 1.000000,0.000000,0.000000,0.000000
Incre_T = 0.000000,0.000000,0.000000
Cost=-1.000000,blk_size = -1 
Ceres Solver Report: Iterations: -2, Initial cost: -1.000000e+00, Final cost: -1.000000e+00, Termination: FAILURE
--------------------
Curr_Q = 1.000000,0.000000,0.000000,0.000000
Curr_T = 0.000000,0.000000,0.000000
Incre_Q = 1.000000,0.000000,0.000000,0.000000
Incre_T = 0.000000,0.000000,0.000000
Cost=-1.000000,blk_size = -1 
Ceres Solver Report: Iterations: -2, Initial cost: -1.000000e+00, Final cost: -1.000000e+00, Termination: FAILURE
--------------------
Curr_Q = 1.000000,0.000000,0.000000,0.000000
Curr_T = 0.000000,0.000000,0.000000
Incre_Q = 1.000000,0.000000,0.000000,0.000000
Incre_T = 0.000000,0.000000,0.000000
Cost=-1.000000,blk_size = -1 
Ceres Solver Report: Iterations: -2, Initial cost: -1.000000e+00, Final cost: -1.000000e+00, Termination: FAILURE
--------------------
Curr_Q = 1.000000,0.000000,0.000000,0.000000
Curr_T = 0.000000,0.000000,0.000000
Incre_Q = 1.000000,0.000000,0.000000,0.000000
Incre_T = 0.000000,0.000000,0.000000
Cost=-1.000000,blk_size = -1 
Ceres Solver Report: Iterations: -2, Initial cost: -1.000000e+00, Final cost: -1.000000e+00, Termination: FAILURE
--------------------
Curr_Q = 1.000000,0.000000,0.000000,0.000000
Curr_T = 0.000000,0.000000,0.000000
Incre_Q = 1.000000,0.000000,0.000000,0.000000
Incre_T = 0.000000,0.000000,0.000000
Cost=-1.000000,blk_size = -1 
Ceres Solver Report: Iterations: -2, Initial cost: -1.000000e+00, Final cost: -1.000000e+00, Termination: FAILURE
--------------------
Curr_Q = 1.000000,0.000000,0.000000,0.000000
Curr_T = 0.000000,0.000000,0.000000
Incre_Q = 1.000000,0.000000,0.000000,0.000000
Incre_T = 0.000000,0.000000,0.000000
Cost=-1.000000,blk_size = -1 
Ceres Solver Report: Iterations: -2, Initial cost: -1.000000e+00, Final cost: -1.000000e+00, Termination: FAILURE
--------------------
Curr_Q = 1.000000,0.000000,0.000000,0.000000
Curr_T = 0.000000,0.000000,0.000000
Incre_Q = 1.000000,0.000000,0.000000,0.000000
Incre_T = 0.000000,0.000000,0.000000
Cost=-1.000000,blk_size = -1 
Ceres Solver Report: Iterations: -2, Initial cost: -1.000000e+00, Final cost: -1.000000e+00, Termination: FAILURE
--------------------
Curr_Q = 1.000000,0.000000,0.000000,0.000000
Curr_T = 0.000000,0.000000,0.000000
Incre_Q = 1.000000,0.000000,0.000000,0.000000
Incre_T = 0.000000,0.000000,0.000000
Cost=-1.000000,blk_size = -1 
Ceres Solver Report: Iterations: -2, Initial cost: -1.000000e+00, Final cost: -1.000000e+00, Termination: FAILURE
--------------------
Curr_Q = 1.000000,0.000000,0.000000,0.000000
Curr_T = 0.000000,0.000000,0.000000
Incre_Q = 1.000000,0.000000,0.000000,0.000000
Incre_T = 0.000000,0.000000,0.000000
Cost=-1.000000,blk_size = -1 
Ceres Solver Report: Iterations: -2, Initial cost: -1.000000e+00, Final cost: -1.000000e+00, Termination: FAILURE
--------------------
Curr_Q = 1.000000,0.000000,0.000000,0.000000
Curr_T = 0.000000,0.000000,0.000000
Incre_Q = 1.000000,0.000000,0.000000,0.000000
Incre_T = 0.000000,0.000000,0.000000
Cost=-1.000000,blk_size = -1 
Ceres Solver Report: Iterations: -2, Initial cost: -1.000000e+00, Final cost: -1.000000e+00, Termination: FAILURE
--------------------
Curr_Q = 1.000000,0.000000,0.000000,0.000000
Curr_T = 0.000000,0.000000,0.000000
Incre_Q = 1.000000,0.000000,0.000000,0.000000
Incre_T = 0.000000,0.000000,0.000000
Cost=-1.000000,blk_size = -1 
Ceres Solver Report: Iterations: -2, Initial cost: -1.000000e+00, Final cost: -1.000000e+00, Termination: FAILURE
--------------------
Curr_Q = 1.000000,0.000000,0.000000,0.000000
Curr_T = 0.000000,0.000000,0.000000
Incre_Q = 1.000000,0.000000,0.000000,0.000000
Incre_T = 0.000000,0.000000,0.000000
Cost=-1.000000,blk_size = -1 
Ceres Solver Report: Iterations: -2, Initial cost: -1.000000e+00, Final cost: -1.000000e+00, Termination: FAILURE
--------------------
Curr_Q = 1.000000,0.000000,0.000000,0.000000
Curr_T = 0.000000,0.000000,0.000000
Incre_Q = 1.000000,0.000000,0.000000,0.000000
Incre_T = 0.000000,0.000000,0.000000
Cost=-1.000000,blk_size = -1 
Ceres Solver Report: Iterations: -2, Initial cost: -1.000000e+00, Final cost: -1.000000e+00, Termination: FAILURE
--------------------
Curr_Q = 1.000000,0.000000,0.000000,0.000000
Curr_T = 0.000000,0.000000,0.000000
Incre_Q = 1.000000,0.000000,0.000000,0.000000
Incre_T = 0.000000,0.000000,0.000000
Cost=-1.000000,blk_size = -1 
Ceres Solver Report: Iterations: -2, Initial cost: -1.000000e+00, Final cost: -1.000000e+00, Termination: FAILURE
--------------------
Curr_Q = 1.000000,0.000000,0.000000,0.000000
Curr_T = 0.000000,0.000000,0.000000
Incre_Q = 1.000000,0.000000,0.000000,0.000000
Incre_T = 0.000000,0.000000,0.000000
Cost=-1.000000,blk_size = -1 
Ceres Solver Report: Iterations: -2, Initial cost: -1.000000e+00, Final cost: -1.000000e+00, Termination: FAILURE
--------------------
Curr_Q = 1.000000,0.000000,0.000000,0.000000
Curr_T = 0.000000,0.000000,0.000000
Incre_Q = 1.000000,0.000000,0.000000,0.000000
Incre_T = 0.000000,0.000000,0.000000
Cost=-1.000000,blk_size = -1 
Ceres Solver Report: Iterations: -2, Initial cost: -1.000000e+00, Final cost: -1.000000e+00, Termination: FAILURE
--------------------
Curr_Q = 1.000000,0.000000,0.000000,0.000000
Curr_T = 0.000000,0.000000,0.000000
Incre_Q = 1.000000,0.000000,0.000000,0.000000
Incre_T = 0.000000,0.000000,0.000000
Cost=-1.000000,blk_size = -1 
Ceres Solver Report: Iterations: -2, Initial cost: -1.000000e+00, Final cost: -1.000000e+00, Termination: FAILURE
--------------------
Curr_Q = 1.000000,0.000000,0.000000,0.000000
Curr_T = 0.000000,0.000000,0.000000
Incre_Q = 1.000000,0.000000,0.000000,0.000000
Incre_T = 0.000000,0.000000,0.000000
Cost=-1.000000,blk_size = -1 
Ceres Solver Report: Iterations: -2, Initial cost: -1.000000e+00, Final cost: -1.000000e+00, Termination: FAILURE
--------------------
Curr_Q = 1.000000,0.000000,0.000000,0.000000
Curr_T = 0.000000,0.000000,0.000000
Incre_Q = 1.000000,0.000000,0.000000,0.000000
Incre_T = 0.000000,0.000000,0.000000
Cost=-1.000000,blk_size = -1 
Ceres Solver Report: Iterations: -2, Initial cost: -1.000000e+00, Final cost: -1.000000e+00, Termination: FAILURE
--------------------
Curr_Q = 1.000000,0.000000,0.000000,0.000000
Curr_T = 0.000000,0.000000,0.000000
Incre_Q = 1.000000,0.000000,0.000000,0.000000
Incre_T = 0.000000,0.000000,0.000000
Cost=-1.000000,blk_size = -1 
Ceres Solver Report: Iterations: -2, Initial cost: -1.000000e+00, Final cost: -1.000000e+00, Termination: FAILURE
--------------------
Curr_Q = 1.000000,0.000000,0.000000,0.000000
Curr_T = 0.000000,0.000000,0.000000
Incre_Q = 1.000000,0.000000,0.000000,0.000000
Incre_T = 0.000000,0.000000,0.000000
Cost=-1.000000,blk_size = -1 
Ceres Solver Report: Iterations: -2, Initial cost: -1.000000e+00, Final cost: -1.000000e+00, Termination: FAILURE
--------------------
Curr_Q = 1.000000,0.000000,0.000000,0.000000
Curr_T = 0.000000,0.000000,0.000000
Incre_Q = 1.000000,0.000000,0.000000,0.000000
Incre_T = 0.000000,0.000000,0.000000
Cost=-1.000000,blk_size = -1 
Ceres Solver Report: Iterations: -2, Initial cost: -1.000000e+00, Final cost: -1.000000e+00, Termination: FAILURE
--------------------
Curr_Q = 1.000000,0.000000,0.000000,0.000000
Curr_T = 0.000000,0.000000,0.000000
Incre_Q = 1.000000,0.000000,0.000000,0.000000
Incre_T = 0.000000,0.000000,0.000000
Cost=-1.000000,blk_size = -1 
Ceres Solver Report: Iterations: -2, Initial cost: -1.000000e+00, Final cost: -1.000000e+00, Termination: FAILURE
--------------------
Curr_Q = 1.000000,0.000000,0.000000,0.000000
Curr_T = 0.000000,0.000000,0.000000
Incre_Q = 1.000000,0.000000,0.000000,0.000000
Incre_T = 0.000000,0.000000,0.000000
Cost=-1.000000,blk_size = -1 
Ceres Solver Report: Iterations: -2, Initial cost: -1.000000e+00, Final cost: -1.000000e+00, Termination: FAILURE
--------------------
Curr_Q = 1.000000,0.000000,0.000000,0.000000
Curr_T = 0.000000,0.000000,0.000000
Incre_Q = 1.000000,0.000000,0.000000,0.000000
Incre_T = 0.000000,0.000000,0.000000
Cost=-1.000000,blk_size = -1 
Ceres Solver Report: Iterations: -2, Initial cost: -1.000000e+00, Final cost: -1.000000e+00, Termination: FAILURE
--------------------
Curr_Q = 1.000000,0.000000,0.000000,0.000000
Curr_T = 0.000000,0.000000,0.000000
Incre_Q = 1.000000,0.000000,0.000000,0.000000
Incre_T = 0.000000,0.000000,0.000000
Cost=-1.000000,blk_size = -1 
Ceres Solver Report: Iterations: -2, Initial cost: -1.000000e+00, Final cost: -1.000000e+00, Termination: FAILURE
--------------------
Curr_Q = 1.000000,0.000000,0.000000,0.000000
Curr_T = 0.000000,0.000000,0.000000
Incre_Q = 1.000000,0.000000,0.000000,0.000000
Incre_T = 0.000000,0.000000,0.000000
Cost=-1.000000,blk_size = -1 
Ceres Solver Report: Iterations: -2, Initial cost: -1.000000e+00, Final cost: -1.000000e+00, Termination: FAILURE
--------------------
Curr_Q = 1.000000,0.000000,0.000000,0.000000
Curr_T = 0.000000,0.000000,0.000000
Incre_Q = 1.000000,0.000000,0.000000,0.000000
Incre_T = 0.000000,0.000000,0.000000
Cost=-1.000000,blk_size = -1 
Ceres Solver Report: Iterations: -2, Initial cost: -1.000000e+00, Final cost: -1.000000e+00, Termination: FAILURE
--------------------
Curr_Q = 1.000000,0.000000,0.000000,0.000000
Curr_T = 0.000000,0.000000,0.000000
Incre_Q = 1.000000,0.000000,0.000000,0.000000
Incre_T = 0.000000,0.000000,0.000000
Cost=-1.000000,blk_size = -1 
Ceres Solver Report: Iterations: -2, Initial cost: -1.000000e+00, Final cost: -1.000000e+00, Termination: FAILURE
--------------------
Curr_Q = 1.000000,0.000000,0.000000,0.000000
Curr_T = 0.000000,0.000000,0.000000
Incre_Q = 1.000000,0.000000,0.000000,0.000000
Incre_T = 0.000000,0.000000,0.000000
Cost=-1.000000,blk_size = -1 
Ceres Solver Report: Iterations: -2, Initial cost: -1.000000e+00, Final cost: -1.000000e+00, Termination: FAILURE
--------------------
Curr_Q = 1.000000,0.000000,0.000000,0.000000
Curr_T = 0.000000,0.000000,0.000000
Incre_Q = 1.000000,0.000000,0.000000,0.000000
Incre_T = 0.000000,0.000000,0.000000
Cost=-1.000000,blk_size = -1 
Ceres Solver Report: Iterations: -2, Initial cost: -1.000000e+00, Final cost: -1.000000e+00, Termination: FAILURE
--------------------
Curr_Q = 1.000000,0.000000,0.000000,0.000000
Curr_T = 0.000000,0.000000,0.000000
Incre_Q = 1.000000,0.000000,0.000000,0.000000
Incre_T = 0.000000,0.000000,0.000000
Cost=-1.000000,blk_size = -1 
Ceres Solver Report: Iterations: -2, Initial cost: -1.000000e+00, Final cost: -1.000000e+00, Termination: FAILURE
--------------------
Curr_Q = 1.000000,0.000000,0.000000,0.000000
Curr_T = 0.000000,0.000000,0.000000
Incre_Q = 1.000000,0.000000,0.000000,0.000000
Incre_T = 0.000000,0.000000,0.000000
Cost=-1.000000,blk_size = -1 
Ceres Solver Report: Iterations: -2, Initial cost: -1.000000e+00, Final cost: -1.000000e+00, Termination: FAILURE
--------------------
Curr_Q = 1.000000,0.000000,0.000000,0.000000
Curr_T = 0.000000,0.000000,0.000000
Incre_Q = 1.000000,0.000000,0.000000,0.000000
Incre_T = 0.000000,0.000000,0.000000
Cost=-1.000000,blk_size = -1 
Ceres Solver Report: Iterations: -2, Initial cost: -1.000000e+00, Final cost: -1.000000e+00, Termination: FAILURE
--------------------
Curr_Q = 1.000000,0.000000,0.000000,0.000000
Curr_T = 0.000000,0.000000,0.000000
Incre_Q = 1.000000,0.000000,0.000000,0.000000
Incre_T = 0.000000,0.000000,0.000000
Cost=-1.000000,blk_size = -1 
Ceres Solver Report: Iterations: -2, Initial cost: -1.000000e+00, Final cost: -1.000000e+00, Termination: FAILURE
--------------------
Curr_Q = 0.999612,0.013776,-0.000598,0.024212
Curr_T = -0.005716,-0.009810,0.038017
Incre_Q = 0.999612,0.013776,-0.000598,0.024212
Incre_T = -0.005716,-0.009810,0.038017
Cost=-1.000000,blk_size = -1 
Ceres Solver Report: Iterations: -2, Initial cost: -1.000000e+00, Final cost: -1.000000e+00, Termination: FAILURE
--------------------
Curr_Q = 0.999027,0.038743,0.011372,0.017756
Curr_T = -0.013856,0.020191,0.136708
Incre_Q = 0.999596,0.025252,0.011272,-0.006619
Incre_T = -0.006495,0.033064,0.097831
Cost=-1.000000,blk_size = -1 
Ceres Solver Report: Iterations: -2, Initial cost: -1.000000e+00, Final cost: -1.000000e+00, Termination: FAILURE
--------------------
Curr_Q = 0.999027,0.038743,0.011372,0.017756
Curr_T = -0.013856,0.020191,0.136708
Incre_Q = 0.999988,0.004828,0.000177,0.000702
Incre_T = 0.006176,-0.001045,-0.000065
Cost=-1.000000,blk_size = -1 
Ceres Solver Report: Iterations: -2, Initial cost: -1.000000e+00, Final cost: -1.000000e+00, Termination: FAILURE
--------------------
Curr_Q = 0.999580,0.027309,0.003201,0.009196
Curr_T = 0.075299,0.016596,0.053654
Incre_Q = 0.999864,-0.011493,-0.008298,-0.008375
Incre_T = 0.090718,-0.013128,-0.080358
Cost=-1.000000,blk_size = -1 
Ceres Solver Report: Iterations: -2, Initial cost: -1.000000e+00, Final cost: -1.000000e+00, Termination: FAILURE
--------------------
Curr_Q = 0.997978,-0.056853,-0.006913,0.027571
Curr_T = -0.006534,-0.043000,0.015033
Incre_Q = 0.996237,-0.084234,-0.008829,0.018388
Incre_T = -0.082696,-0.060118,-0.035877
Cost=-1.000000,blk_size = -1 
Ceres Solver Report: Iterations: -2, Initial cost: -1.000000e+00, Final cost: -1.000000e+00, Termination: FAILURE
--------------------
Curr_Q = 0.999543,0.007015,-0.004591,0.029038
Curr_T = 0.016770,-0.101614,-0.068645
Incre_Q = 0.997955,0.063902,0.000483,0.001111
Incre_T = 0.019103,-0.049883,-0.090153
Cost=-1.000000,blk_size = -1 
Ceres Solver Report: Iterations: -2, Initial cost: -1.000000e+00, Final cost: -1.000000e+00, Termination: FAILURE
--------------------
Curr_Q = 0.999278,-0.021969,-0.001817,0.030958
Curr_T = 0.018822,-0.064532,0.015065
Incre_Q = 0.999574,-0.028879,0.003627,0.002041
Incre_T = 0.005001,0.038048,0.083150
Cost=-1.000000,blk_size = -1 
Ceres Solver Report: Iterations: -2, Initial cost: -1.000000e+00, Final cost: -1.000000e+00, Termination: FAILURE
--------------------
Curr_Q = 0.999232,-0.028686,-0.004945,0.026234
Curr_T = -0.005379,-0.022493,-0.068471
Incre_Q = 0.999961,-0.006819,-0.002814,-0.004776
Incre_T = -0.021740,0.047090,-0.081493
Cost=-1.000000,blk_size = -1 
Ceres Solver Report: Iterations: -2, Initial cost: -1.000000e+00, Final cost: -1.000000e+00, Termination: FAILURE
--------------------
Curr_Q = 0.999633,0.006598,-0.004131,0.025929
Curr_T = 0.010045,-0.107120,-0.163743
Incre_Q = 0.999377,0.035289,-0.000101,-0.000466
Incre_T = 0.010143,-0.079689,-0.100116
Cost=-1.000000,blk_size = -1 
Ceres Solver Report: Iterations: -2, Initial cost: -1.000000e+00, Final cost: -1.000000e+00, Termination: FAILURE
--------------------
Curr_Q = 0.999202,-0.033669,0.002143,0.021396
Curr_T = -0.002702,0.039640,-0.023862
Incre_Q = 0.999159,-0.040105,0.007283,-0.004395
Incre_T = -0.003927,0.149026,0.137997
Cost=-1.000000,blk_size = -1 
Ceres Solver Report: Iterations: -2, Initial cost: -1.000000e+00, Final cost: -1.000000e+00, Termination: FAILURE
--------------------
Curr_Q = 0.999202,-0.033669,0.002143,0.021396
Curr_T = -0.002702,0.039640,-0.023862
Incre_Q = 0.999999,-0.000951,-0.000086,0.001005
Incre_T = -0.006318,-0.009698,0.002691
Cost=-1.000000,blk_size = -1 
Ceres Solver Report: Iterations: -2, Initial cost: -1.000000e+00, Final cost: -1.000000e+00, Termination: FAILURE
--------------------
Curr_Q = 0.998823,-0.044229,0.004235,0.019460
Curr_T = 0.028203,0.096416,0.016496
Incre_Q = 0.999940,-0.010516,0.002383,-0.001879
Incre_T = 0.033065,0.052558,0.044179
Cost=-1.000000,blk_size = -1 
Ceres Solver Report: Iterations: -2, Initial cost: -1.000000e+00, Final cost: -1.000000e+00, Termination: FAILURE
--------------------
Curr_Q = 0.999585,-0.011209,0.007424,0.025479
Curr_T = 0.015637,0.041900,-0.017340
Incre_Q = 0.999431,0.033051,0.002273,0.006278
Incre_T = -0.014309,-0.050785,-0.038613
Cost=-1.000000,blk_size = -1 
Ceres Solver Report: Iterations: -2, Initial cost: -1.000000e+00, Final cost: -1.000000e+00, Termination: FAILURE
--------------------
Curr_Q = 0.999585,-0.011209,0.007424,0.025479
Curr_T = 0.015637,0.041900,-0.017340
Incre_Q = 0.999982,0.004384,0.001788,-0.003700
Incre_T = -0.002660,0.042784,0.022949
Cost=-1.000000,blk_size = -1 
Ceres Solver Report: Iterations: -2, Initial cost: -1.000000e+00, Final cost: -1.000000e+00, Termination: FAILURE
--------------------
Curr_Q = 0.999383,0.019761,0.012269,0.026331
Curr_T = -0.007767,-0.030603,0.073041
Incre_Q = 0.999508,0.031072,0.004046,0.001141
Incre_T = -0.028446,-0.073186,0.088363
Cost=-1.000000,blk_size = -1 
Ceres Solver Report: Iterations: -2, Initial cost: -1.000000e+00, Final cost: -1.000000e+00, Termination: FAILURE
--------------------
Curr_Q = 0.999383,0.019761,0.012269,0.026331
Curr_T = -0.007767,-0.030603,0.073041
Incre_Q = 0.999600,-0.028182,-0.002155,-0.000071
Incre_T = 0.007426,-0.023721,-0.052481
Cost=-1.000000,blk_size = -1 
Ceres Solver Report: Iterations: -2, Initial cost: -1.000000e+00, Final cost: -1.000000e+00, Termination: FAILURE
--------------------
Curr_Q = 0.999092,-0.028611,-0.000088,0.031569
Curr_T = 0.027355,-0.080047,-0.029751
Incre_Q = 0.998740,-0.048726,-0.010968,0.004893
Incre_T = 0.034851,-0.055295,-0.099862
Cost=-1.000000,blk_size = -1 
Ceres Solver Report: Iterations: -2, Initial cost: -1.000000e+00, Final cost: -1.000000e+00, Termination: FAILURE
--------------------
Curr_Q = 0.999576,0.000104,0.003445,0.028919
Curr_T = 0.021177,-0.038871,0.001728
Incre_Q = 0.999578,0.028814,0.002698,-0.002564
Incre_T = -0.003620,0.039617,0.033794
Cost=-1.000000,blk_size = -1 
Ceres Solver Report: Iterations: -2, Initial cost: -1.000000e+00, Final cost: -1.000000e+00, Termination: FAILURE
--------------------
Curr_Q = 0.999576,0.000104,0.003445,0.028919
Curr_T = 0.021177,-0.038871,0.001728
Incre_Q = 0.999935,-0.009464,0.001509,-0.006151
Incre_T = 0.005847,0.072606,0.029913
Cost=-1.000000,blk_size = -1 
Ceres Solver Report: Iterations: -2, Initial cost: -1.000000e+00, Final cost: -1.000000e+00, Termination: FAILURE
--------------------
Curr_Q = 0.999573,-0.016955,-0.000434,0.023792
Curr_T = 0.016138,-0.002807,-0.029748
Incre_Q = 0.999834,-0.017147,-0.003385,-0.005183
Incre_T = -0.002729,0.036282,-0.031511
Cost=-1.000000,blk_size = -1 
Ceres Solver Report: Iterations: -2, Initial cost: -1.000000e+00, Final cost: -1.000000e+00, Termination: FAILURE
--------------------
Curr_Q = 0.999573,-0.016955,-0.000434,0.023792
Curr_T = 0.016138,-0.002807,-0.029748
Incre_Q = 0.999996,-0.002562,0.000628,-0.000327
Incre_T = -0.003814,0.005368,0.007260
Cost=-1.000000,blk_size = -1 
Ceres Solver Report: Iterations: -2, Initial cost: -1.000000e+00, Final cost: -1.000000e+00, Termination: FAILURE
--------------------
Curr_Q = 0.999561,0.015535,0.006725,0.024336
Curr_T = 0.006704,-0.024086,0.032117
Incre_Q = 0.999446,0.032647,0.006374,0.000651
Incre_T = -0.010432,-0.022893,0.061125
Cost=-1.000000,blk_size = -1 
Ceres Solver Report: Iterations: -2, Initial cost: -1.000000e+00, Final cost: -1.000000e+00, Termination: FAILURE
--------------------
Curr_Q = 0.999614,-0.006924,-0.003549,0.026678
Curr_T = 0.009195,-0.006980,-0.055433
Incre_Q = 0.999692,-0.022716,-0.009687,0.002348
Incre_T = 0.004434,0.014209,-0.087991
Cost=-1.000000,blk_size = -1 
Ceres Solver Report: Iterations: -2, Initial cost: -1.000000e+00, Final cost: -1.000000e+00, Termination: FAILURE
--------------------
Curr_Q = 0.999707,-0.008950,-0.000775,0.022458
Curr_T = 0.011107,-0.048814,-0.006180
Incre_Q = 0.999985,-0.001966,0.002857,-0.004194
Incre_T = 0.000008,-0.042564,0.048662
Cost=-1.000000,blk_size = -1 
Ceres Solver Report: Iterations: -2, Initial cost: -1.000000e+00, Final cost: -1.000000e+00, Termination: FAILURE
--------------------
Curr_Q = 0.998097,-0.058046,0.002819,0.020606
Curr_T = 0.002099,0.028975,-0.033516
Incre_Q = 0.998785,-0.049017,0.004711,-0.001745
Incre_T = -0.005536,0.078593,-0.025925
Cost=-1.000000,blk_size = -1 
Ceres Solver Report: Iterations: -2, Initial cost: -1.000000e+00, Final cost: -1.000000e+00, Termination: FAILURE
--------------------
Curr_Q = 0.999737,0.013807,0.000786,0.018296
Curr_T = 0.019181,-0.013238,-0.011701
Incre_Q = 0.997412,0.071777,-0.003380,-0.002256
Incre_T = 0.015170,-0.045126,0.016827
Cost=-1.000000,blk_size = -1 
Ceres Solver Report: Iterations: -2, Initial cost: -1.000000e+00, Final cost: -1.000000e+00, Termination: FAILURE
--------------------
Curr_Q = 0.999359,0.026772,0.005151,0.023209
Curr_T = 0.013213,-0.023950,0.050004
Incre_Q = 0.999894,0.013042,0.004195,0.004869
Incre_T = -0.006422,-0.008778,0.061965
Cost=-1.000000,blk_size = -1 
Ceres Solver Report: Iterations: -2, Initial cost: -1.000000e+00, Final cost: -1.000000e+00, Termination: FAILURE
--------------------
Curr_Q = 0.998715,-0.048375,-0.006171,0.013795
Curr_T = 0.005176,0.039131,0.020798
Incre_Q = 0.997068,-0.075296,-0.009819,-0.009477
Incre_T = -0.004820,0.061723,-0.032616
Cost=-1.000000,blk_size = -1 
Ceres Solver Report: Iterations: -2, Initial cost: -1.000000e+00, Final cost: -1.000000e+00, Termination: FAILURE
--------------------
Curr_Q = 0.998715,-0.048375,-0.006171,0.013795
Curr_T = 0.005176,0.039131,0.020798
Incre_Q = 0.999951,0.009281,-0.000735,0.003354
Incre_T = -0.004458,-0.012170,-0.010000
Cost=-1.000000,blk_size = -1 
Ceres Solver Report: Iterations: -2, Initial cost: -1.000000e+00, Final cost: -1.000000e+00, Termination: FAILURE
--------------------
Curr_Q = 0.996713,-0.078911,0.008843,0.016087
Curr_T = 0.001887,0.086371,0.209371
Incre_Q = 0.999416,-0.030372,0.015293,0.003231
Incre_T = 0.000115,0.028837,0.192278
Cost=-1.000000,blk_size = -1 
Ceres Solver Report: Iterations: -2, Initial cost: -1.000000e+00, Final cost: -1.000000e+00, Termination: FAILURE
--------------------
Curr_Q = 0.999444,-0.012543,-0.010229,0.029139
Curr_T = -0.004996,-0.072527,-0.027361
Incre_Q = 0.997527,0.065943,-0.021131,0.012047
Incre_T = -0.006979,-0.119436,-0.258890
Cost=-1.000000,blk_size = -1 
Ceres Solver Report: Iterations: -2, Initial cost: -1.000000e+00, Final cost: -1.000000e+00, Termination: FAILURE
--------------------
Curr_Q = 0.999692,-0.013554,-0.009626,0.018427
Curr_T = 0.002669,0.004577,-0.025828
Incre_Q = 0.999942,-0.001098,0.000769,-0.010696
Incre_T = 0.012191,0.076465,0.003257
Cost=-1.000000,blk_size = -1 
Ceres Solver Report: Iterations: -2, Initial cost: -1.000000e+00, Final cost: -1.000000e+00, Termination: FAILURE
--------------------
Curr_Q = 0.999638,-0.014828,-0.011684,0.019177
Curr_T = 0.019503,-0.012989,0.002531
Incre_Q = 0.999997,-0.001306,-0.002044,0.000735
Incre_T = 0.016700,-0.018942,0.027541
Cost=-1.000000,blk_size = -1 
Ceres Solver Report: Iterations: -2, Initial cost: -1.000000e+00, Final cost: -1.000000e+00, Termination: FAILURE
--------------------
Curr_Q = 0.999638,-0.014828,-0.011684,0.019177
Curr_T = 0.019503,-0.012989,0.002531
Incre_Q = 0.999997,0.000839,0.002154,-0.001279
Incre_T = 0.004041,0.012466,0.015798
Cost=-1.000000,blk_size = -1 
Ceres Solver Report: Iterations: -2, Initial cost: -1.000000e+00, Final cost: -1.000000e+00, Termination: FAILURE
--------------------
Curr_Q = 0.998904,-0.041906,-0.011185,0.017601
Curr_T = -0.005571,0.047389,0.049708
Incre_Q = 0.999632,-0.027087,0.001033,-0.001238
Incre_T = -0.021638,0.059840,0.049506
Cost=-1.000000,blk_size = -1 
Ceres Solver Report: Iterations: -2, Initial cost: -1.000000e+00, Final cost: -1.000000e+00, Termination: FAILURE
--------------------
Curr_Q = 0.999607,0.015421,-0.011901,0.020164
Curr_T = -0.023173,-0.032097,-0.045594
Incre_Q = 0.998353,0.057310,-0.001824,0.001877
Incre_T = -0.022445,-0.070539,-0.101148
Cost=-1.000000,blk_size = -1 
Ceres Solver Report: Iterations: -2, Initial cost: -1.000000e+00, Final cost: -1.000000e+00, Termination: FAILURE
--------------------
Curr_Q = 0.999527,-0.001180,-0.016508,0.025924
Curr_T = 0.014338,-0.024809,-0.082776
Incre_Q = 0.999835,-0.016617,-0.004183,0.006027
Incre_T = 0.036853,0.004624,-0.038251
Cost=-1.000000,blk_size = -1 
Ceres Solver Report: Iterations: -2, Initial cost: -1.000000e+00, Final cost: -1.000000e+00, Termination: FAILURE
--------------------
Curr_Q = 0.999527,-0.001180,-0.016508,0.025924
Curr_T = 0.014338,-0.024809,-0.082776
Incre_Q = 0.999945,-0.009349,0.002143,-0.004352
Incre_T = -0.001550,0.040377,0.019701
Cost=-1.000000,blk_size = -1 
Ceres Solver Report: Iterations: -2, Initial cost: -1.000000e+00, Final cost: -1.000000e+00, Termination: FAILURE
--------------------
Curr_Q = 0.999478,-0.020969,-0.011024,0.021962
Curr_T = 0.011181,-0.021154,-0.004113
Incre_Q = 0.999781,-0.019704,0.005998,-0.003626
Incre_T = -0.000370,0.003561,0.078730
Cost=-1.000000,blk_size = -1 
Ceres Solver Report: Iterations: -2, Initial cost: -1.000000e+00, Final cost: -1.000000e+00, Termination: FAILURE
--------------------
Curr_Q = 0.999682,-0.011795,-0.006092,0.021443
Curr_T = -0.003961,-0.043411,0.008951
Incre_Q = 0.999946,0.009277,0.004741,-0.000520
Incre_T = -0.015835,-0.022112,0.012475
Cost=-1.000000,blk_size = -1 
Ceres Solver Report: Iterations: -2, Initial cost: -1.000000e+00, Final cost: -1.000000e+00, Termination: FAILURE
--------------------
Curr_Q = 0.999682,-0.011795,-0.006092,0.021443
Curr_T = -0.003961,-0.043411,0.008951
Incre_Q = 0.999833,0.018028,0.000523,-0.003083
Incre_T = 0.008379,0.029922,-0.011688
Cost=-1.000000,blk_size = -1 
Ceres Solver Report: Iterations: -2, Initial cost: -1.000000e+00, Final cost: -1.000000e+00, Termination: FAILURE
--------------------
Curr_Q = 0.999650,-0.012550,0.000099,0.023268
Curr_T = -0.008405,-0.075366,0.065116
Incre_Q = 0.999979,-0.000612,0.006183,0.001903
Incre_T = -0.005159,-0.033065,0.055456
Cost=-1.000000,blk_size = -1 
Ceres Solver Report: Iterations: -2, Initial cost: -1.000000e+00, Final cost: -1.000000e+00, Termination: FAILURE
--------------------
Curr_Q = 0.999876,0.006866,-0.000353,0.014159
Curr_T = -0.000947,0.012247,-0.017277
Incre_Q = 0.999770,0.019402,-0.000789,-0.009115
Incre_T = 0.011590,0.089210,-0.080171
Cost=-1.000000,blk_size = -1 
Ceres Solver Report: Iterations: -2, Initial cost: -1.000000e+00, Final cost: -1.000000e+00, Termination: FAILURE
--------------------
Curr_Q = 0.999572,-0.018596,0.001045,0.022550
Curr_T = -0.015776,-0.016138,-0.023266
Incre_Q = 0.999640,-0.025433,0.001816,0.008394
Incre_T = -0.015632,-0.028033,-0.005591
Cost=-1.000000,blk_size = -1 
Ceres Solver Report: Iterations: -2, Initial cost: -1.000000e+00, Final cost: -1.000000e+00, Termination: FAILURE
--------------------
Curr_Q = 0.999750,-0.015315,-0.003148,0.015955
Curr_T = 0.019020,0.023660,-0.074312
Incre_Q = 0.999964,0.003195,-0.004143,-0.006670
Incre_T = 0.036703,0.040056,-0.049485
Cost=-1.000000,blk_size = -1 
Ceres Solver Report: Iterations: -2, Initial cost: -1.000000e+00, Final cost: -1.000000e+00, Termination: FAILURE
--------------------
Curr_Q = 0.999750,-0.015315,-0.003148,0.015955
Curr_T = 0.019020,0.023660,-0.074312
Incre_Q = 0.999976,0.006740,-0.001055,0.001089
Incre_T = -0.006501,0.010093,-0.007695
Cost=-1.000000,blk_size = -1 
Ceres Solver Report: Iterations: -2, Initial cost: -1.000000e+00, Final cost: -1.000000e+00, Termination: FAILURE
--------------------
Curr_Q = 0.999595,-0.009414,0.003500,0.026620
Curr_T = -0.016621,-0.053079,-0.022744
Incre_Q = 0.999904,0.006036,0.006389,0.010748
Incre_T = -0.037778,-0.077115,0.049442
Cost=-1.000000,blk_size = -1 
Ceres Solver Report: Iterations: -2, Initial cost: -1.000000e+00, Final cost: -1.000000e+00, Termination: FAILURE
--------------------
Curr_Q = 0.999725,0.013272,0.005062,0.018673
Curr_T = 0.015173,0.082004,-0.036412
Incre_Q = 0.999710,0.022748,0.001031,-0.007853
Incre_T = 0.039031,0.133428,-0.010891
Cost=-1.000000,blk_size = -1 
Ceres Solver Report: Iterations: -2, Initial cost: -1.000000e+00, Final cost: -1.000000e+00, Termination: FAILURE
--------------------
Curr_Q = 0.999725,0.013272,0.005062,0.018673
Curr_T = 0.015173,0.082004,-0.036412
Incre_Q = 0.999866,0.015766,0.000976,0.004401
Incre_T = 0.000496,-0.055123,-0.000507
Cost=-1.000000,blk_size = -1 
Ceres Solver Report: Iterations: -2, Initial cost: -1.000000e+00, Final cost: -1.000000e+00, Termination: FAILURE
--------------------
Curr_Q = 0.999806,-0.003454,0.004596,0.018833
Curr_T = -0.000306,0.150879,-0.019067
Incre_Q = 0.999860,-0.016733,-0.000152,0.000080
Incre_T = -0.013054,0.069842,0.015359
Cost=-1.000000,blk_size = -1 
Ceres Solver Report: Iterations: -2, Initial cost: -1.000000e+00, Final cost: -1.000000e+00, Termination: FAILURE
--------------------
Curr_Q = 0.999630,0.000570,0.006652,0.026368
Curr_T = 0.011281,-0.002148,0.034723
Incre_Q = 0.999961,0.004027,0.001954,0.007562
Incre_T = 0.005319,-0.153713,0.052808
Cost=-1.000000,blk_size = -1 
Ceres Solver Report: Iterations: -2, Initial cost: -1.000000e+00, Final cost: -1.000000e+00, Termination: FAILURE
--------------------
Curr_Q = 0.999606,-0.003592,-0.001013,0.027802
Curr_T = 0.003184,-0.012119,-0.046858
Incre_Q = 0.999961,-0.004373,-0.007551,0.001411
Incre_T = -0.007528,-0.009653,-0.081674
Cost=-1.000000,blk_size = -1 
Ceres Solver Report: Iterations: -2, Initial cost: -1.000000e+00, Final cost: -1.000000e+00, Termination: FAILURE
--------------------
Curr_Q = 0.999710,-0.008694,-0.002078,0.022366
Curr_T = 0.017006,0.071068,-0.014263
Incre_Q = 0.999972,-0.005134,-0.000903,-0.005435
Incre_T = 0.018484,0.082052,0.033156
Cost=-1.000000,blk_size = -1 
Ceres Solver Report: Iterations: -2, Initial cost: -1.000000e+00, Final cost: -1.000000e+00, Termination: FAILURE
--------------------
Curr_Q = 0.999740,-0.002379,-0.001334,0.022637
Curr_T = 0.002158,0.020913,0.011137
Incre_Q = 0.999980,0.006331,0.000599,0.000264
Incre_T = -0.016982,-0.049878,0.024596
Cost=-1.000000,blk_size = -1 
Ceres Solver Report: Iterations: -2, Initial cost: -1.000000e+00, Final cost: -1.000000e+00, Termination: FAILURE
--------------------
Curr_Q = 0.999043,-0.034337,-0.001826,0.027038
Curr_T = 0.008664,0.015135,0.013664
Incre_Q = 0.999479,-0.031957,0.000221,0.004457
Incre_T = 0.006245,-0.006078,0.002481
Cost=-1.000000,blk_size = -1 
Ceres Solver Report: Iterations: -2, Initial cost: -1.000000e+00, Final cost: -1.000000e+00, Termination: FAILURE
--------------------
Curr_Q = 0.999565,-0.018412,-0.004050,0.022674
Curr_T = 0.007534,0.024806,-0.005558
Incre_Q = 0.999861,0.015859,-0.002502,-0.004479
Incre_T = -0.000639,0.011016,-0.018508
Cost=-1.000000,blk_size = -1 
Ceres Solver Report: Iterations: -2, Initial cost: -1.000000e+00, Final cost: -1.000000e+00, Termination: FAILURE
--------------------
Curr_Q = 0.999565,-0.018412,-0.004050,0.022674
Curr_T = 0.007534,0.024806,-0.005558
Incre_Q = 0.999998,0.001772,-0.000596,-0.000694
Incre_T = -0.006349,0.005227,-0.005972
Cost=-1.000000,blk_size = -1 
Ceres Solver Report: Iterations: -2, Initial cost: -1.000000e+00, Final cost: -1.000000e+00, Termination: FAILURE
--------------------
Curr_Q = 0.999446,-0.011738,-0.006876,0.030369
Curr_T = 0.013560,-0.037099,-0.031614
Incre_Q = 0.999944,0.006636,-0.003118,0.007615
Incre_T = 0.003015,-0.061108,-0.028358
Cost=-1.000000,blk_size = -1 
Ceres Solver Report: Iterations: -2, Initial cost: -1.000000e+00, Final cost: -1.000000e+00, Termination: FAILURE
--------------------
Curr_Q = 0.999664,-0.003424,-0.004612,0.025257
Curr_T = -0.000394,0.021190,-0.008096
Incre_Q = 0.999950,0.008346,0.002071,-0.005146
Incre_T = -0.010073,0.058449,0.025054
Cost=-1.000000,blk_size = -1 
Ceres Solver Report: Iterations: -2, Initial cost: -1.000000e+00, Final cost: -1.000000e+00, Termination: FAILURE
--------------------
Curr_Q = 0.999243,0.026055,-0.007483,0.027894
Curr_T = 0.006223,-0.047009,-0.090771
Incre_Q = 0.999558,0.029407,-0.003625,0.002501
Incre_T = 0.002414,-0.067860,-0.083182
Cost=-1.000000,blk_size = -1 
Ceres Solver Report: Iterations: -2, Initial cost: -1.000000e+00, Final cost: -1.000000e+00, Termination: FAILURE
--------------------
Curr_Q = 0.999569,-0.006186,-0.004205,0.028377
Curr_T = -0.025203,-0.101934,-0.001412
Incre_Q = 0.999475,-0.032130,0.004190,0.000629
Incre_T = -0.032948,-0.048385,0.092534
Cost=-1.000000,blk_size = -1 
Ceres Solver Report: Iterations: -2, Initial cost: -1.000000e+00, Final cost: -1.000000e+00, Termination: FAILURE
--------------------
Curr_Q = 0.999427,0.003182,-0.005468,0.033260
Curr_T = -0.019709,-0.094330,-0.015877
Incre_Q = 0.999943,0.009348,-0.001559,0.004838
Incre_T = 0.005800,0.007462,-0.014419
Cost=-1.000000,blk_size = -1 
Ceres Solver Report: Iterations: -2, Initial cost: -1.000000e+00, Final cost: -1.000000e+00, Termination: FAILURE
--------------------
Curr_Q = 0.999545,0.011127,-0.010523,0.025985
Curr_T = 0.014389,-0.080560,-0.037155
Incre_Q = 0.999929,0.007732,-0.005338,-0.007302
Incre_T = 0.034699,0.011343,-0.021735
Cost=-1.000000,blk_size = -1 
Ceres Solver Report: Iterations: -2, Initial cost: -1.000000e+00, Final cost: -1.000000e+00, Termination: FAILURE
--------------------
Curr_Q = 0.999545,0.011127,-0.010523,0.025985
Curr_T = 0.014389,-0.080560,-0.037155
Incre_Q = 0.999984,-0.003752,0.004254,0.000701
Incre_T = 0.009389,-0.006247,0.047345
Cost=-1.000000,blk_size = -1 
Ceres Solver Report: Iterations: -2, Initial cost: -1.000000e+00, Final cost: -1.000000e+00, Termination: FAILURE
--------------------
Curr_Q = 0.999844,0.006607,0.008117,0.014201
Curr_T = 0.006461,0.185263,0.181836
Incre_Q = 0.999747,-0.004160,0.018620,-0.011946
Incre_T = 0.010564,0.270563,0.212993
Cost=-1.000000,blk_size = -1 
Ceres Solver Report: Iterations: -2, Initial cost: -1.000000e+00, Final cost: -1.000000e+00, Termination: FAILURE
--------------------
Curr_Q = 0.999498,0.021729,0.000653,0.023061
Curr_T = 0.010123,-0.030805,0.053235
Incre_Q = 0.999819,0.014943,-0.007616,0.009035
Incre_T = -0.000436,-0.217794,-0.125708
Cost=-1.000000,blk_size = -1 
Ceres Solver Report: Iterations: -2, Initial cost: -1.000000e+00, Final cost: -1.000000e+00, Termination: FAILURE
--------------------
Curr_Q = 0.999811,-0.000275,-0.004617,0.018897
Curr_T = 0.008236,0.038483,-0.014873
Incre_Q = 0.999735,-0.022118,-0.004851,-0.004068
Incre_T = 0.001331,0.066276,-0.071055
Cost=-1.000000,blk_size = -1 
Ceres Solver Report: Iterations: -2, Initial cost: -1.000000e+00, Final cost: -1.000000e+00, Termination: FAILURE
--------------------
Curr_Q = 0.999811,-0.000275,-0.004617,0.018897
Curr_T = 0.008236,0.038483,-0.014873
Incre_Q = 0.999999,-0.001563,0.000682,0.000017
Incre_T = -0.007217,0.003813,0.014813
Cost=-1.000000,blk_size = -1 
Ceres Solver Report: Iterations: -2, Initial cost: -1.000000e+00, Final cost: -1.000000e+00, Termination: FAILURE
--------------------
Curr_Q = 0.999730,0.013029,-0.004723,0.018640
Curr_T = 0.001211,-0.004246,-0.068901
Incre_Q = 0.999911,0.013297,-0.000358,-0.000317
Incre_T = -0.009133,-0.042394,-0.053977
Cost=-1.000000,blk_size = -1 
Ceres Solver Report: Iterations: -2, Initial cost: -1.000000e+00, Final cost: -1.000000e+00, Termination: FAILURE
--------------------
Curr_Q = 0.999730,0.013029,-0.004723,0.018640
Curr_T = 0.001211,-0.004246,-0.068901
Incre_Q = 0.999979,0.006240,0.001685,-0.000067
Incre_T = 0.007478,0.000419,0.003930
Cost=-1.000000,blk_size = -1 
Ceres Solver Report: Iterations: -2, Initial cost: -1.000000e+00, Final cost: -1.000000e+00, Termination: FAILURE
--------------------
Curr_Q = 0.999725,0.004869,0.001883,0.022849
Curr_T = 0.023098,-0.132256,-0.008327
Incre_Q = 0.999936,-0.008014,0.006812,0.004160
Incre_T = 0.017717,-0.127128,0.063712
Cost=-1.000000,blk_size = -1 
Ceres Solver Report: Iterations: -2, Initial cost: -1.000000e+00, Final cost: -1.000000e+00, Termination: FAILURE
--------------------
Curr_Q = 0.999725,0.004869,0.001883,0.022849
Curr_T = 0.023098,-0.132256,-0.008327
Incre_Q = 0.999989,-0.002874,0.000462,-0.003737
Incre_T = -0.013485,0.060253,0.006890
Cost=-1.000000,blk_size = -1 
Ceres Solver Report: Iterations: -2, Initial cost: -1.000000e+00, Final cost: -1.000000e+00, Termination: FAILURE
