------------------
[Timer](139855919646464): Prepare to enter thread cost time = 0.20 ms 
------------------
[Timer](139855902861056): Wait sync cost time = 0.00 ms 
[Timer](139855902861056): Query points for match cost time = 0.27 ms 
[Timer](139855902861056): Add new frame cost time = 4.24 ms 
[Timer](139855902861056): Frame process cost time = 4.56 ms 
[Timer](139855919646464): Prepare to enter thread cost time = 4.76 ms 
[Timer](139855902861056): Wait sync cost time = 0.00 ms 
------------------
[Timer](139855902861056): Query points for match cost time = 0.09 ms 
[Timer](139855902861056): Add new frame cost time = 1.02 ms 
[Timer](139855902861056): Frame process cost time = 1.15 ms 
[Timer](139855919646464): Prepare to enter thread cost time = 1.27 ms 
------------------
[Timer](139855902861056): Wait sync cost time = 0.00 ms 
[Timer](139855902861056): Query points for match cost time = 0.14 ms 
[Timer](139855902861056): Add new frame cost time = 1.97 ms 
[Timer](139855902861056): Frame process cost time = 2.15 ms 
[Timer](139855919646464): Prepare to enter thread cost time = 0.08 ms 
[Timer](139855902861056): Wait sync cost time = 0.00 ms 
------------------
[Timer](139855902861056): Query points for match cost time = 0.06 ms 
[Timer](139855902861056): Add new frame cost time = 0.88 ms 
[Timer](139855902861056): Frame process cost time = 0.97 ms 
[Timer](139855919646464): Prepare to enter thread cost time = 1.00 ms 
------------------
[Timer](139855902861056): Wait sync cost time = 0.00 ms 
[Timer](139855902861056): Query points for match cost time = 0.13 ms 
[Timer](139855902861056): Add new frame cost time = 0.80 ms 
[Timer](139855902861056): Frame process cost time = 0.95 ms 
[Timer](139855919646464): Prepare to enter thread cost time = 0.98 ms 
------------------
[Timer](139855902861056): Wait sync cost time = 0.00 ms 
[Timer](139855902861056): Query points for match cost time = 0.05 ms 
[Timer](139855902861056): Add new frame cost time = 0.51 ms 
[Timer](139855902861056): Frame process cost time = 0.56 ms 
[Timer](139855919646464): Prepare to enter thread cost time = 0.14 ms 
------------------
[Timer](139855902861056): Wait sync cost time = 0.00 ms 
[Timer](139855902861056): Query points for match cost time = 0.12 ms 
[Timer](139855902861056): Add new frame cost time = 1.31 ms 
[Timer](139855902861056): Frame process cost time = 1.47 ms 
[Timer](139855919646464): Prepare to enter thread cost time = 1.56 ms 
------------------
[Timer](139855902861056): Wait sync cost time = 0.00 ms 
[Timer](139855902861056): Query points for match cost time = 0.14 ms 
[Timer](139855902861056): Add new frame cost time = 1.44 ms 
[Timer](139855902861056): Frame process cost time = 1.62 ms 
[Timer](139855919646464): Prepare to enter thread cost time = 1.72 ms 
------------------
[Timer](139855902861056): Wait sync cost time = 0.00 ms 
[Timer](139855902861056): Query points for match cost time = 0.10 ms 
[Timer](139855902861056): Add new frame cost time = 1.17 ms 
[Timer](139855902861056): Frame process cost time = 1.31 ms 
[Timer](139855919646464): Prepare to enter thread cost time = 0.15 ms 
------------------
[Timer](139855902861056): Wait sync cost time = 0.00 ms 
[Timer](139855902861056): Query points for match cost time = 0.14 ms 
[Timer](139855902861056): Add new frame cost time = 1.35 ms 
[Timer](139855902861056): Frame process cost time = 1.54 ms 
[Timer](139855919646464): Prepare to enter thread cost time = 1.65 ms 
[Timer](139855902861056): Wait sync cost time = 0.00 ms 
------------------
[Timer](139855902861056): Query points for match cost time = 0.13 ms 
[Timer](139855902861056): Add new frame cost time = 1.22 ms 
[Timer](139855902861056): Frame process cost time = 1.40 ms 
[Timer](139855919646464): Prepare to enter thread cost time = 1.42 ms 
------------------
[Timer](139855902861056): Wait sync cost time = 0.00 ms 
[Timer](139855902861056): Query points for match cost time = 0.15 ms 
[Timer](139855902861056): Add new frame cost time = 1.61 ms 
[Timer](139855902861056): Frame process cost time = 1.81 ms 
[Timer](139855919646464): Prepare to enter thread cost time = 0.14 ms 
------------------
[Timer](139855902861056): Wait sync cost time = 0.00 ms 
[Timer](139855902861056): Query points for match cost time = 0.14 ms 
[Timer](139855902861056): Add new frame cost time = 1.23 ms 
[Timer](139855902861056): Frame process cost time = 1.40 ms 
[Timer](139855919646464): Prepare to enter thread cost time = 0.24 ms 
------------------
[Timer](139855902861056): Wait sync cost time = 0.00 ms 
[Timer](139855902861056): Query points for match cost time = 0.25 ms 
[Timer](139855902861056): Add new frame cost time = 1.67 ms 
[Timer](139855902861056): Frame process cost time = 1.98 ms 
[Timer](139855919646464): Prepare to enter thread cost time = 2.10 ms 
------------------
[Timer](139855902861056): Wait sync cost time = 0.00 ms 
[Timer](139855902861056): Query points for match cost time = 0.16 ms 
[Timer](139855902861056): Add new frame cost time = 1.30 ms 
[Timer](139855902861056): Frame process cost time = 1.51 ms 
[Timer](139855919646464): Prepare to enter thread cost time = 0.20 ms 
------------------
[Timer](139855902861056): Wait sync cost time = 0.00 ms 
[Timer](139855902861056): Query points for match cost time = 0.23 ms 
[Timer](139855902861056): Add new frame cost time = 0.90 ms 
[Timer](139855902861056): Frame process cost time = 1.17 ms 
[Timer](139855919646464): Prepare to enter thread cost time = 1.27 ms 
------------------
[Timer](139855902861056): Wait sync cost time = 0.00 ms 
[Timer](139855902861056): Query points for match cost time = 0.10 ms 
[Timer](139855902861056): Add new frame cost time = 0.76 ms 
[Timer](139855902861056): Frame process cost time = 0.88 ms 
[Timer](139855919646464): Prepare to enter thread cost time = 0.91 ms 
[Timer](139855902861056): Wait sync cost time = 0.00 ms 
[Timer](139855902861056): Wait sync cost time = 0.00 ms 
------------------
[Timer](139855902861056): Query points for match cost time = 0.06 ms 
[Timer](139855902861056): Add new frame cost time = 0.36 ms 
[Timer](139855902861056): Frame process cost time = 0.44 ms 
[Timer](139855919646464): Prepare to enter thread cost time = 0.14 ms 
------------------
[Timer](139855902861056): Wait sync cost time = 0.00 ms 
[Timer](139855902861056): Query points for match cost time = 0.10 ms 
[Timer](139855902861056): Add new frame cost time = 0.83 ms 
[Timer](139855902861056): Frame process cost time = 0.96 ms 
[Timer](139855919646464): Prepare to enter thread cost time = 1.01 ms 
------------------
[Timer](139855902861056): Wait sync cost time = 0.00 ms 
[Timer](139855902861056): Query points for match cost time = 0.09 ms 
[Timer](139855902861056): Add new frame cost time = 0.91 ms 
[Timer](139855902861056): Frame process cost time = 1.02 ms 
[Timer](139855919646464): Prepare to enter thread cost time = 1.17 ms 
------------------
[Timer](139855902861056): Wait sync cost time = 0.00 ms 
[Timer](139855902861056): Query points for match cost time = 0.08 ms 
[Timer](139855902861056): Add new frame cost time = 0.95 ms 
[Timer](139855902861056): Frame process cost time = 1.06 ms 
[Timer](139855919646464): Prepare to enter thread cost time = 0.09 ms 
------------------
[Timer](139855902861056): Wait sync cost time = 0.00 ms 
[Timer](139855902861056): Query points for match cost time = 0.10 ms 
[Timer](139855902861056): Add new frame cost time = 0.99 ms 
[Timer](139855902861056): Frame process cost time = 1.13 ms 
[Timer](139855919646464): Prepare to enter thread cost time = 1.22 ms 
------------------
[Timer](139855902861056): Wait sync cost time = 0.00 ms 
[Timer](139855902861056): Query points for match cost time = 0.20 ms 
[Timer](139855902861056): Add new frame cost time = 1.05 ms 
[Timer](139855902861056): Frame process cost time = 1.29 ms 
[Timer](139855919646464): Prepare to enter thread cost time = 1.44 ms 
------------------
[Timer](139855902861056): Wait sync cost time = 0.00 ms 
[Timer](139855902861056): Query points for match cost time = 0.11 ms 
[Timer](139855902861056): Add new frame cost time = 1.07 ms 
[Timer](139855902861056): Frame process cost time = 1.21 ms 
[Timer](139855919646464): Prepare to enter thread cost time = 0.12 ms 
------------------
[Timer](139855902861056): Wait sync cost time = 0.00 ms 
[Timer](139855902861056): Query points for match cost time = 0.16 ms 
[Timer](139855902861056): Add new frame cost time = 1.09 ms 
[Timer](139855902861056): Frame process cost time = 1.27 ms 
[Timer](139855919646464): Prepare to enter thread cost time = 1.38 ms 
------------------
[Timer](139855902861056): Wait sync cost time = 0.00 ms 
[Timer](139855902861056): Query points for match cost time = 0.08 ms 
[Timer](139855902861056): Add new frame cost time = 0.95 ms 
[Timer](139855902861056): Frame process cost time = 1.06 ms 
[Timer](139855919646464): Prepare to enter thread cost time = 0.13 ms 
------------------
[Timer](139855902861056): Wait sync cost time = 0.00 ms 
[Timer](139855902861056): Query points for match cost time = 0.10 ms 
[Timer](139855902861056): Add new frame cost time = 0.70 ms 
[Timer](139855902861056): Frame process cost time = 0.83 ms 
[Timer](139855919646464): Prepare to enter thread cost time = 0.03 ms 
------------------
[Timer](139855902861056): Wait sync cost time = 0.00 ms 
[Timer](139855902861056): Query points for match cost time = 0.09 ms 
[Timer](139855902861056): Add new frame cost time = 0.56 ms 
[Timer](139855902861056): Frame process cost time = 0.66 ms 
[Timer](139855919646464): Prepare to enter thread cost time = 0.69 ms 
------------------
[Timer](139855902861056): Wait sync cost time = 0.00 ms 
[Timer](139855902861056): Query points for match cost time = 0.05 ms 
[Timer](139855902861056): Add new frame cost time = 0.39 ms 
[Timer](139855902861056): Frame process cost time = 0.45 ms 
[Timer](139855919646464): Prepare to enter thread cost time = 0.55 ms 
------------------
[Timer](139855902861056): Wait sync cost time = 0.00 ms 
[Timer](139855902861056): Query points for match cost time = 0.05 ms 
[Timer](139855902861056): Add new frame cost time = 0.53 ms 
[Timer](139855902861056): Frame process cost time = 0.60 ms 
[Timer](139855919646464): Prepare to enter thread cost time = 0.18 ms 
------------------
[Timer](139855902861056): Wait sync cost time = 0.00 ms 
[Timer](139855902861056): Query points for match cost time = 0.13 ms 
[Timer](139855902861056): Add new frame cost time = 0.97 ms 
[Timer](139855902861056): Frame process cost time = 1.13 ms 
[Timer](139855919646464): Prepare to enter thread cost time = 1.28 ms 
[Timer](139855902861056): Wait sync cost time = 0.00 ms 
------------------
[Timer](139855902861056): Query points for match cost time = 0.07 ms 
[Timer](139855902861056): Add new frame cost time = 0.80 ms 
[Timer](139855902861056): Frame process cost time = 0.90 ms 
[Timer](139855919646464): Prepare to enter thread cost time = 0.93 ms 
[Timer](139855902861056): Wait sync cost time = 0.00 ms 
------------------
[Timer](139855902861056): Query points for match cost time = 0.09 ms 
[Timer](139855902861056): Add new frame cost time = 1.17 ms 
[Timer](139855902861056): Frame process cost time = 1.30 ms 
[Timer](139855919646464): Prepare to enter thread cost time = 0.10 ms 
------------------
[Timer](139855902861056): Wait sync cost time = 0.00 ms 
[Timer](139855902861056): Query points for match cost time = 0.13 ms 
[Timer](139855902861056): Add new frame cost time = 0.98 ms 
[Timer](139855902861056): Frame process cost time = 1.15 ms 
[Timer](139855919646464): Prepare to enter thread cost time = 1.22 ms 
------------------
[Timer](139855902861056): Wait sync cost time = 0.00 ms 
[Timer](139855902861056): Query points for match cost time = 0.10 ms 
[Timer](139855902861056): Add new frame cost time = 0.97 ms 
[Timer](139855902861056): Frame process cost time = 1.10 ms 
[Timer](139855919646464): Prepare to enter thread cost time = 1.13 ms 
------------------
[Timer](139855902861056): Wait sync cost time = 0.00 ms 
[Timer](139855902861056): Query points for match cost time = 0.10 ms 
[Timer](139855902861056): Add new frame cost time = 1.02 ms 
[Timer](139855902861056): Frame process cost time = 1.16 ms 
[Timer](139855919646464): Prepare to enter thread cost time = 0.13 ms 
------------------
[Timer](139855902861056): Wait sync cost time = 0.00 ms 
[Timer](139855902861056): Query points for match cost time = 0.11 ms 
[Timer](139855902861056): Add new frame cost time = 0.99 ms 
[Timer](139855902861056): Frame process cost time = 1.14 ms 
[Timer](139855919646464): Prepare to enter thread cost time = 1.25 ms 
------------------
[Timer](139855902861056): Wait sync cost time = 0.00 ms 
[Timer](139855902861056): Query points for match cost time = 0.08 ms 
[Timer](139855902861056): Add new frame cost time = 0.73 ms 
[Timer](139855902861056): Frame process cost time = 0.84 ms 
[Timer](139855919646464): Prepare to enter thread cost time = 0.88 ms 
------------------
[Timer](139855902861056): Wait sync cost time = 0.00 ms 
[Timer](139855902861056): Query points for match cost time = 0.10 ms 
[Timer](139855902861056): Add new frame cost time = 0.78 ms 
[Timer](139855902861056): Frame process cost time = 0.91 ms 
[Timer](139855919646464): Prepare to enter thread cost time = 0.07 ms 
------------------
[Timer](139855902861056): Wait sync cost time = 0.00 ms 
[Timer](139855902861056): Query points for match cost time = 0.22 ms 
[Timer](139855902861056): Add new frame cost time = 1.00 ms 
[Timer](139855902861056): Frame process cost time = 1.25 ms 
[Timer](139855919646464): Prepare to enter thread cost time = 1.37 ms 
------------------
[Timer](139855902861056): Wait sync cost time = 0.00 ms 
[Timer](139855902861056): Query points for match cost time = 0.09 ms 
[Timer](139855902861056): Add new frame cost time = 0.76 ms 
[Timer](139855902861056): Frame process cost time = 0.88 ms 
[Timer](139855919646464): Prepare to enter thread cost time = 0.94 ms 
------------------
[Timer](139855902861056): Wait sync cost time = 0.00 ms 
[Timer](139855902861056): Query points for match cost time = 0.09 ms 
[Timer](139855902861056): Add new frame cost time = 1.08 ms 
[Timer](139855902861056): Frame process cost time = 1.20 ms 
[Timer](139855919646464): Prepare to enter thread cost time = 0.11 ms 
------------------
[Timer](139855902861056): Wait sync cost time = 0.00 ms 
[Timer](139855902861056): Query points for match cost time = 0.09 ms 
[Timer](139855902861056): Add new frame cost time = 0.87 ms 
[Timer](139855902861056): Frame process cost time = 0.99 ms 
[Timer](139855919646464): Prepare to enter thread cost time = 1.01 ms 
------------------
[Timer](139855902861056): Wait sync cost time = 0.00 ms 
[Timer](139855902861056): Query points for match cost time = 0.07 ms 
[Timer](139855902861056): Add new frame cost time = 1.00 ms 
[Timer](139855902861056): Frame process cost time = 1.11 ms 
[Timer](139855919646464): Prepare to enter thread cost time = 1.41 ms 
[Timer](139855902861056): Wait sync cost time = 0.00 ms 
------------------
[Timer](139855902861056): Query points for match cost time = 0.11 ms 
[Timer](139855902861056): Add new frame cost time = 0.98 ms 
[Timer](139855902861056): Frame process cost time = 1.13 ms 
[Timer](139855919646464): Prepare to enter thread cost time = 0.10 ms 
------------------
[Timer](139855902861056): Wait sync cost time = 0.00 ms 
[Timer](139855902861056): Query points for match cost time = 0.08 ms 
[Timer](139855902861056): Add new frame cost time = 0.71 ms 
[Timer](139855902861056): Frame process cost time = 0.82 ms 
[Timer](139855919646464): Prepare to enter thread cost time = 0.88 ms 
[Timer](139855902861056): Wait sync cost time = 0.00 ms 
[Timer](139855902861056): Query points for match cost time = 0.04 ms 
------------------
[Timer](139855902861056): Add new frame cost time = 0.57 ms 
[Timer](139855902861056): Frame process cost time = 0.63 ms 
[Timer](139855919646464): Prepare to enter thread cost time = 0.62 ms 
------------------
[Timer](139855902861056): Wait sync cost time = 0.00 ms 
[Timer](139855902861056): Query points for match cost time = 0.06 ms 
[Timer](139855902861056): Add new frame cost time = 0.65 ms 
[Timer](139855902861056): Frame process cost time = 0.73 ms 
[Timer](139855919646464): Prepare to enter thread cost time = 0.34 ms 
------------------
[Timer](139855902861056): Wait sync cost time = 0.00 ms 
[Timer](139855902861056): Query points for match cost time = 0.20 ms 
[Timer](139855902861056): Add new frame cost time = 0.97 ms 
[Timer](139855902861056): Frame process cost time = 1.20 ms 
[Timer](139855919646464): Prepare to enter thread cost time = 1.27 ms 
------------------
[Timer](139855902861056): Wait sync cost time = 0.00 ms 
[Timer](139855902861056): Query points for match cost time = 0.05 ms 
[Timer](139855902861056): Add new frame cost time = 0.51 ms 
[Timer](139855902861056): Frame process cost time = 0.58 ms 
[Timer](139855919646464): Prepare to enter thread cost time = 0.64 ms 
------------------
[Timer](139855902861056): Wait sync cost time = 0.00 ms 
[Timer](139855902861056): Query points for match cost time = 0.05 ms 
[Timer](139855902861056): Add new frame cost time = 0.58 ms 
[Timer](139855902861056): Frame process cost time = 0.65 ms 
[Timer](139855919646464): Prepare to enter thread cost time = 0.14 ms 
------------------
[Timer](139855902861056): Wait sync cost time = 0.00 ms 
[Timer](139855902861056): Query points for match cost time = 0.20 ms 
[Timer](139855902861056): Build kdtree cost time = 0.00 ms 
[Timer](139855902861056): Pose optimization cost time = 31.37 ms 
[Timer](139855902861056): Add new frame cost time = 0.43 ms 
[Timer](139855902861056): Frame process cost time = 32.09 ms 
[Timer](139855919646464): Prepare to enter thread cost time = 32.22 ms 
------------------
[Timer](139855902861056): Wait sync cost time = 0.00 ms 
[Timer](139855902861056): Query points for match cost time = 0.15 ms 
[Timer](139855902861056): Build kdtree cost time = 0.00 ms 
[Timer](139855902861056): Pose optimization cost time = 25.44 ms 
[Timer](139855902861056): Add new frame cost time = 0.40 ms 
[Timer](139855902861056): Frame process cost time = 26.07 ms 
[Timer](139855919646464): Prepare to enter thread cost time = 26.20 ms 
[Timer](139855902861056): Wait sync cost time = 0.00 ms 
[Timer](139855902861056): Wait sync cost time = 0.00 ms 
------------------
[Timer](139855902861056): Query points for match cost time = 0.11 ms 
[Timer](139855902861056): Build kdtree cost time = 0.00 ms 
[Timer](139855902861056): Pose optimization cost time = 27.42 ms 
[Timer](139855902861056): Add new frame cost time = 0.47 ms 
[Timer](139855902861056): Frame process cost time = 28.07 ms 
[Timer](139855919646464): Prepare to enter thread cost time = 28.11 ms 
------------------
[Timer](139855902861056): Wait sync cost time = 0.00 ms 
[Timer](139855902861056): Query points for match cost time = 0.06 ms 
[Timer](139855902861056): Build kdtree cost time = 0.00 ms 
[Timer](139855902861056): Pose optimization cost time = 21.49 ms 
[Timer](139855902861056): Add new frame cost time = 0.37 ms 
[Timer](139855902861056): Frame process cost time = 22.00 ms 
[Timer](139855919646464): Prepare to enter thread cost time = 22.08 ms 
------------------
[Timer](139855902861056): Wait sync cost time = 0.00 ms 
[Timer](139855902861056): Query points for match cost time = 0.13 ms 
[Timer](139855902861056): Build kdtree cost time = 0.00 ms 
[Timer](139855902861056): Pose optimization cost time = 25.32 ms 
[Timer](139855902861056): Add new frame cost time = 0.42 ms 
[Timer](139855902861056): Frame process cost time = 25.95 ms 
[Timer](139855919646464): Prepare to enter thread cost time = 26.01 ms 
------------------
[Timer](139855902861056): Wait sync cost time = 0.00 ms 
[Timer](139855902861056): Query points for match cost time = 0.06 ms 
[Timer](139855902861056): Build kdtree cost time = 0.00 ms 
[Timer](139855902861056): Pose optimization cost time = 28.02 ms 
[Timer](139855902861056): Add new frame cost time = 0.45 ms 
[Timer](139855902861056): Frame process cost time = 28.58 ms 
[Timer](139855919646464): Prepare to enter thread cost time = 28.64 ms 
------------------
[Timer](139855902861056): Wait sync cost time = 0.00 ms 
[Timer](139855902861056): Query points for match cost time = 0.06 ms 
[Timer](139855902861056): Build kdtree cost time = 0.00 ms 
[Timer](139855902861056): Pose optimization cost time = 8.48 ms 
[Timer](139855902861056): Add new frame cost time = 0.37 ms 
[Timer](139855902861056): Frame process cost time = 8.98 ms 
[Timer](139855919646464): Prepare to enter thread cost time = 9.08 ms 
[Timer](139855902861056): Wait sync cost time = 0.00 ms 
------------------
[Timer](139855902861056): Query points for match cost time = 0.07 ms 
[Timer](139855902861056): Build kdtree cost time = 0.00 ms 
[Timer](139855902861056): Pose optimization cost time = 23.49 ms 
[Timer](139855902861056): Add new frame cost time = 0.38 ms 
[Timer](139855902861056): Frame process cost time = 23.98 ms 
[Timer](139855919646464): Prepare to enter thread cost time = 23.99 ms 
------------------
[Timer](139855902861056): Wait sync cost time = 0.00 ms 
[Timer](139855902861056): Query points for match cost time = 0.05 ms 
[Timer](139855902861056): Build kdtree cost time = 0.00 ms 
[Timer](139855902861056): Pose optimization cost time = 18.60 ms 
[Timer](139855902861056): Add new frame cost time = 0.34 ms 
[Timer](139855902861056): Frame process cost time = 19.05 ms 
[Timer](139855919646464): Prepare to enter thread cost time = 19.21 ms 
------------------
[Timer](139855902861056): Wait sync cost time = 0.00 ms 
[Timer](139855902861056): Query points for match cost time = 0.13 ms 
[Timer](139855902861056): Build kdtree cost time = 0.00 ms 
[Timer](139855902861056): Pose optimization cost time = 21.32 ms 
[Timer](139855902861056): Add new frame cost time = 0.44 ms 
[Timer](139855902861056): Frame process cost time = 21.95 ms 
[Timer](139855919646464): Prepare to enter thread cost time = 22.04 ms 
[Timer](139855902861056): Wait sync cost time = 0.00 ms 
------------------
[Timer](139855902861056): Query points for match cost time = 0.05 ms 
[Timer](139855902861056): Build kdtree cost time = 0.00 ms 
[Timer](139855902861056): Pose optimization cost time = 14.44 ms 
[Timer](139855902861056): Add new frame cost time = 0.38 ms 
[Timer](139855902861056): Frame process cost time = 14.91 ms 
[Timer](139855919646464): Prepare to enter thread cost time = 14.98 ms 
[Timer](139855902861056): Wait sync cost time = 0.00 ms 
------------------
[Timer](139855902861056): Query points for match cost time = 0.09 ms 
[Timer](139855902861056): Build kdtree cost time = 0.00 ms 
[Timer](139855902861056): Pose optimization cost time = 26.59 ms 
[Timer](139855902861056): Add new frame cost time = 0.41 ms 
[Timer](139855902861056): Frame process cost time = 27.14 ms 
[Timer](139855919646464): Prepare to enter thread cost time = 27.16 ms 
------------------
[Timer](139855902861056): Wait sync cost time = 0.00 ms 
[Timer](139855902861056): Query points for match cost time = 0.12 ms 
[Timer](139855902861056): Build kdtree cost time = 0.00 ms 
[Timer](139855902861056): Pose optimization cost time = 23.66 ms 
[Timer](139855902861056): Add new frame cost time = 0.49 ms 
[Timer](139855902861056): Frame process cost time = 24.32 ms 
[Timer](139855919646464): Prepare to enter thread cost time = 24.42 ms 
[Timer](139855902861056): Wait sync cost time = 0.00 ms 
[Timer](139855902861056): Wait sync cost time = 0.00 ms 
------------------
[Timer](139855902861056): Query points for match cost time = 0.08 ms 
[Timer](139855902861056): Build kdtree cost time = 0.00 ms 
[Timer](139855902861056): Pose optimization cost time = 5.18 ms 
[Timer](139855902861056): Add new frame cost time = 0.35 ms 
[Timer](139855902861056): Frame process cost time = 5.67 ms 
[Timer](139855919646464): Prepare to enter thread cost time = 5.69 ms 
------------------
[Timer](139855902861056): Wait sync cost time = 0.00 ms 
[Timer](139855902861056): Query points for match cost time = 0.06 ms 
[Timer](139855902861056): Build kdtree cost time = 0.00 ms 
[Timer](139855902861056): Pose optimization cost time = 17.44 ms 
[Timer](139855902861056): Add new frame cost time = 0.30 ms 
[Timer](139855902861056): Frame process cost time = 17.84 ms 
[Timer](139855919646464): Prepare to enter thread cost time = 17.97 ms 
[Timer](139855902861056): Wait sync cost time = 0.00 ms 
------------------
[Timer](139855902861056): Query points for match cost time = 0.05 ms 
[Timer](139855902861056): Build kdtree cost time = 0.00 ms 
[Timer](139855902861056): Pose optimization cost time = 4.14 ms 
[Timer](139855902861056): Add new frame cost time = 0.35 ms 
[Timer](139855902861056): Frame process cost time = 4.58 ms 
[Timer](139855919646464): Prepare to enter thread cost time = 4.65 ms 
------------------
[Timer](139855902861056): Wait sync cost time = 0.00 ms 
[Timer](139855902861056): Query points for match cost time = 0.07 ms 
[Timer](139855902861056): Build kdtree cost time = 0.00 ms 
[Timer](139855902861056): Pose optimization cost time = 23.15 ms 
[Timer](139855902861056): Add new frame cost time = 0.38 ms 
[Timer](139855902861056): Frame process cost time = 23.63 ms 
[Timer](139855919646464): Prepare to enter thread cost time = 23.74 ms 
------------------
[Timer](139855902861056): Wait sync cost time = 0.00 ms 
[Timer](139855902861056): Query points for match cost time = 0.17 ms 
[Timer](139855902861056): Build kdtree cost time = 0.00 ms 
[Timer](139855902861056): Pose optimization cost time = 19.92 ms 
[Timer](139855902861056): Add new frame cost time = 0.39 ms 
[Timer](139855902861056): Frame process cost time = 20.57 ms 
[Timer](139855919646464): Prepare to enter thread cost time = 20.71 ms 
------------------
[Timer](139855902861056): Wait sync cost time = 0.00 ms 
[Timer](139855902861056): Query points for match cost time = 0.06 ms 
[Timer](139855902861056): Build kdtree cost time = 0.00 ms 
[Timer](139855902861056): Pose optimization cost time = 15.61 ms 
[Timer](139855902861056): Add new frame cost time = 0.34 ms 
[Timer](139855902861056): Frame process cost time = 16.06 ms 
[Timer](139855919646464): Prepare to enter thread cost time = 16.22 ms 
------------------
[Timer](139855902861056): Wait sync cost time = 0.00 ms 
[Timer](139855902861056): Query points for match cost time = 0.20 ms 
[Timer](139855902861056): Build kdtree cost time = 0.00 ms 
[Timer](139855902861056): Pose optimization cost time = 10.23 ms 
[Timer](139855902861056): Add new frame cost time = 0.63 ms 
[Timer](139855902861056): Frame process cost time = 11.14 ms 
[Timer](139855919646464): Prepare to enter thread cost time = 11.28 ms 
[Timer](139855902861056): Wait sync cost time = 0.00 ms 
[Timer](139855902861056): Query points for match cost time = 0.08 ms 
[Timer](139855902861056): Build kdtree cost time = 0.00 ms 
------------------
[Timer](139855902861056): Pose optimization cost time = 1.90 ms 
[Timer](139855902861056): Add new frame cost time = 0.83 ms 
[Timer](139855902861056): Frame process cost time = 2.92 ms 
[Timer](139855919646464): Prepare to enter thread cost time = 2.98 ms 
------------------
[Timer](139855902861056): Wait sync cost time = 0.00 ms 
[Timer](139855902861056): Query points for match cost time = 0.11 ms 
[Timer](139855902861056): Build kdtree cost time = 0.00 ms 
[Timer](139855902861056): Pose optimization cost time = 19.17 ms 
[Timer](139855902861056): Add new frame cost time = 0.33 ms 
[Timer](139855902861056): Frame process cost time = 19.67 ms 
[Timer](139855919646464): Prepare to enter thread cost time = 19.71 ms 
[Timer](139855902861056): Wait sync cost time = 0.00 ms 
------------------
[Timer](139855902861056): Query points for match cost time = 0.07 ms 
[Timer](139855902861056): Build kdtree cost time = 0.00 ms 
[Timer](139855902861056): Pose optimization cost time = 20.71 ms 
[Timer](139855902861056): Add new frame cost time = 0.44 ms 
[Timer](139855902861056): Frame process cost time = 21.28 ms 
[Timer](139855919646464): Prepare to enter thread cost time = 21.33 ms 
[Timer](139855902861056): Wait sync cost time = 0.00 ms 
[Timer](139855902861056): Query points for match cost time = 0.06 ms 
[Timer](139855902861056): Build kdtree cost time = 0.00 ms 
------------------
[Timer](139855902861056): Pose optimization cost time = 28.71 ms 
[Timer](139855902861056): Add new frame cost time = 0.47 ms 
[Timer](139855902861056): Frame process cost time = 29.30 ms 
[Timer](139855919646464): Prepare to enter thread cost time = 29.36 ms 
[Timer](139855902861056): Wait sync cost time = 0.00 ms 
------------------
[Timer](139855902861056): Query points for match cost time = 0.07 ms 
[Timer](139855902861056): Build kdtree cost time = 0.00 ms 
[Timer](139855902861056): Pose optimization cost time = 20.50 ms 
[Timer](139855902861056): Add new frame cost time = 0.29 ms 
[Timer](139855902861056): Frame process cost time = 20.94 ms 
[Timer](139855919646464): Prepare to enter thread cost time = 20.96 ms 
[Timer](139855902861056): Wait sync cost time = 0.00 ms 
[Timer](139855902861056): Query points for match cost time = 0.05 ms 
[Timer](139855902861056): Build kdtree cost time = 0.00 ms 
[Timer](139855902861056): Build kdtree cost time = 0.00 ms 
[Timer](139855902861056): Pose optimization cost time = 28.40 ms 
[Timer](139855902861056): Add new frame cost time = 0.46 ms 
[Timer](139855902861056): Frame process cost time = 28.97 ms 
[Timer](139855919646464): Prepare to enter thread cost time = 29.07 ms 
------------------
[Timer](139855902861056): Wait sync cost time = 0.00 ms 
[Timer](139855902861056): Query points for match cost time = 0.06 ms 
[Timer](139855902861056): Build kdtree cost time = 0.00 ms 
[Timer](139855902861056): Pose optimization cost time = 5.86 ms 
[Timer](139855902861056): Add new frame cost time = 0.38 ms 
[Timer](139855902861056): Frame process cost time = 6.35 ms 
[Timer](139855919646464): Prepare to enter thread cost time = 6.48 ms 
------------------
[Timer](139855902861056): Wait sync cost time = 0.00 ms 
[Timer](139855902861056): Query points for match cost time = 0.07 ms 
[Timer](139855902861056): Build kdtree cost time = 0.00 ms 
[Timer](139855902861056): Pose optimization cost time = 28.37 ms 
[Timer](139855902861056): Add new frame cost time = 0.50 ms 
[Timer](139855902861056): Frame process cost time = 28.99 ms 
[Timer](139855919646464): Prepare to enter thread cost time = 29.18 ms 
------------------
[Timer](139855902861056): Wait sync cost time = 0.00 ms 
[Timer](139855902861056): Query points for match cost time = 0.06 ms 
[Timer](139855902861056): Build kdtree cost time = 0.00 ms 
[Timer](139855902861056): Pose optimization cost time = 16.41 ms 
[Timer](139855902861056): Add new frame cost time = 0.47 ms 
[Timer](139855902861056): Frame process cost time = 16.99 ms 
[Timer](139855919646464): Prepare to enter thread cost time = 17.10 ms 
------------------
[Timer](139855902861056): Wait sync cost time = 0.00 ms 
[Timer](139855902861056): Query points for match cost time = 0.07 ms 
[Timer](139855902861056): Build kdtree cost time = 0.00 ms 
[Timer](139855902861056): Pose optimization cost time = 24.32 ms 
[Timer](139855902861056): Add new frame cost time = 0.47 ms 
[Timer](139855902861056): Frame process cost time = 24.92 ms 
[Timer](139855919646464): Prepare to enter thread cost time = 25.01 ms 
------------------
[Timer](139855902861056): Wait sync cost time = 0.00 ms 
[Timer](139855902861056): Query points for match cost time = 0.19 ms 
[Timer](139855902861056): Build kdtree cost time = 0.00 ms 
[Timer](139855902861056): Pose optimization cost time = 25.68 ms 
[Timer](139855902861056): Add new frame cost time = 0.41 ms 
[Timer](139855902861056): Frame process cost time = 26.35 ms 
[Timer](139855919646464): Prepare to enter thread cost time = 26.51 ms 
------------------
[Timer](139855902861056): Wait sync cost time = 0.00 ms 
[Timer](139855902861056): Query points for match cost time = 0.06 ms 
[Timer](139855902861056): Build kdtree cost time = 0.00 ms 
[Timer](139855902861056): Pose optimization cost time = 18.51 ms 
[Timer](139855902861056): Add new frame cost time = 0.44 ms 
[Timer](139855902861056): Frame process cost time = 19.10 ms 
[Timer](139855919646464): Prepare to enter thread cost time = 19.28 ms 
------------------
[Timer](139855902861056): Wait sync cost time = 0.00 ms 
[Timer](139855902861056): Query points for match cost time = 0.06 ms 
[Timer](139855902861056): Build kdtree cost time = 0.00 ms 
[Timer](139855902861056): Pose optimization cost time = 23.64 ms 
[Timer](139855902861056): Add new frame cost time = 0.42 ms 
[Timer](139855902861056): Frame process cost time = 24.18 ms 
[Timer](139855919646464): Prepare to enter thread cost time = 24.35 ms 
------------------
[Timer](139855902861056): Wait sync cost time = 0.00 ms 
[Timer](139855902861056): Query points for match cost time = 0.07 ms 
[Timer](139855902861056): Build kdtree cost time = 0.00 ms 
[Timer](139855902861056): Pose optimization cost time = 12.44 ms 
[Timer](139855902861056): Add new frame cost time = 0.35 ms 
[Timer](139855902861056): Frame process cost time = 12.90 ms 
[Timer](139855919646464): Prepare to enter thread cost time = 12.97 ms 
------------------
[Timer](139855902861056): Wait sync cost time = 0.00 ms 
[Timer](139855902861056): Query points for match cost time = 0.11 ms 
[Timer](139855902861056): Build kdtree cost time = 0.00 ms 
[Timer](139855902861056): Pose optimization cost time = 25.50 ms 
[Timer](139855902861056): Add new frame cost time = 0.53 ms 
[Timer](139855902861056): Frame process cost time = 26.20 ms 
[Timer](139855919646464): Prepare to enter thread cost time = 26.29 ms 
------------------
[Timer](139855902861056): Wait sync cost time = 0.00 ms 
[Timer](139855902861056): Query points for match cost time = 0.08 ms 
[Timer](139855902861056): Build kdtree cost time = 0.00 ms 
[Timer](139855902861056): Pose optimization cost time = 12.78 ms 
[Timer](139855902861056): Add new frame cost time = 0.45 ms 
[Timer](139855902861056): Frame process cost time = 13.37 ms 
[Timer](139855919646464): Prepare to enter thread cost time = 13.44 ms 
------------------
[Timer](139855902861056): Wait sync cost time = 0.00 ms 
[Timer](139855902861056): Query points for match cost time = 0.07 ms 
[Timer](139855902861056): Build kdtree cost time = 0.00 ms 
[Timer](139855902861056): Pose optimization cost time = 21.56 ms 
[Timer](139855902861056): Add new frame cost time = 0.45 ms 
[Timer](139855902861056): Frame process cost time = 22.13 ms 
[Timer](139855919646464): Prepare to enter thread cost time = 22.28 ms 
[Timer](139855902861056): Wait sync cost time = 0.00 ms 
[Timer](139855902861056): Query points for match cost time = 0.05 ms 
[Timer](139855902861056): Build kdtree cost time = 0.00 ms 
------------------
[Timer](139855902861056): Pose optimization cost time = 26.76 ms 
[Timer](139855902861056): Add new frame cost time = 0.42 ms 
[Timer](139855902861056): Frame process cost time = 27.28 ms 
[Timer](139855919646464): Prepare to enter thread cost time = 27.34 ms 
------------------
[Timer](139855902861056): Wait sync cost time = 0.00 ms 
[Timer](139855902861056): Query points for match cost time = 0.06 ms 
[Timer](139855902861056): Build kdtree cost time = 0.00 ms 
[Timer](139855902861056): Pose optimization cost time = 9.07 ms 
[Timer](139855902861056): Add new frame cost time = 0.33 ms 
[Timer](139855902861056): Frame process cost time = 9.52 ms 
[Timer](139855919646464): Prepare to enter thread cost time = 9.68 ms 
------------------
[Timer](139855902861056): Wait sync cost time = 0.00 ms 
[Timer](139855902861056): Query points for match cost time = 0.17 ms 
[Timer](139855902861056): Build kdtree cost time = 0.00 ms 
[Timer](139855902861056): Pose optimization cost time = 22.42 ms 
[Timer](139855902861056): Add new frame cost time = 0.52 ms 
[Timer](139855902861056): Frame process cost time = 23.17 ms 
[Timer](139855919646464): Prepare to enter thread cost time = 23.31 ms 
------------------
[Timer](139855902861056): Wait sync cost time = 0.00 ms 
[Timer](139855902861056): Query points for match cost time = 0.06 ms 
[Timer](139855902861056): Build kdtree cost time = 0.00 ms 
[Timer](139855902861056): Pose optimization cost time = 18.52 ms 
[Timer](139855902861056): Add new frame cost time = 0.39 ms 
[Timer](139855902861056): Frame process cost time = 19.02 ms 
[Timer](139855919646464): Prepare to enter thread cost time = 19.18 ms 
------------------
------------------
[Timer](139855902861056): Wait sync cost time = 0.00 ms 
[Timer](139855902861056): Query points for match cost time = 0.10 ms 
[Timer](139855902861056): Build kdtree cost time = 0.00 ms 
[Timer](139855902861056): Pose optimization cost time = 27.33 ms 
[Timer](139855902861056): Add new frame cost time = 0.69 ms 
[Timer](139855902861056): Frame process cost time = 28.20 ms 
[Timer](139855894468352): Update buff for matching cost time =28.24 ms 
------------------
[Timer](139855902861056): Wait sync cost time = 0.00 ms 
[Timer](139855902861056): Query points for match cost time = 0.07 ms 
[Timer](139855902861056): Build kdtree cost time = 0.00 ms 
[Timer](139855902861056): Pose optimization cost time = 25.40 ms 
[Timer](139855902861056): Add new frame cost time = 0.51 ms 
[Timer](139855902861056): Frame process cost time = 26.09 ms 
[Timer](139855919646464): Prepare to enter thread cost time = 26.16 ms 
------------------
[Timer](139855902861056): Wait sync cost time = 0.00 ms 
[Timer](139855902861056): Query points for match cost time = 0.17 ms 
[Timer](139855902861056): Build kdtree cost time = 0.00 ms 
[Timer](139855902861056): Pose optimization cost time = 5.28 ms 
[Timer](139855902861056): Add new frame cost time = 0.42 ms 
[Timer](139855902861056): Frame process cost time = 5.92 ms 
[Timer](139855919646464): Prepare to enter thread cost time = 5.99 ms 
------------------
[Timer](139855902861056): Wait sync cost time = 0.00 ms 
[Timer](139855902861056): Query points for match cost time = 0.13 ms 
[Timer](139855902861056): Build kdtree cost time = 0.00 ms 
[Timer](139855902861056): Pose optimization cost time = 23.40 ms 
[Timer](139855902861056): Add new frame cost time = 0.32 ms 
[Timer](139855902861056): Frame process cost time = 23.91 ms 
[Timer](139855919646464): Prepare to enter thread cost time = 24.02 ms 
------------------
[Timer](139855902861056): Wait sync cost time = 0.00 ms 
[Timer](139855902861056): Query points for match cost time = 0.08 ms 
[Timer](139855902861056): Build kdtree cost time = 0.00 ms 
[Timer](139855902861056): Pose optimization cost time = 21.08 ms 
[Timer](139855902861056): Add new frame cost time = 0.36 ms 
[Timer](139855902861056): Frame process cost time = 21.57 ms 
[Timer](139855919646464): Prepare to enter thread cost time = 21.62 ms 
------------------
[Timer](139855902861056): Wait sync cost time = 0.00 ms 
[Timer](139855902861056): Query points for match cost time = 0.12 ms 
[Timer](139855902861056): Build kdtree cost time = 0.00 ms 
[Timer](139855902861056): Pose optimization cost time = 25.92 ms 
[Timer](139855902861056): Add new frame cost time = 0.46 ms 
[Timer](139855902861056): Frame process cost time = 26.56 ms 
[Timer](139855919646464): Prepare to enter thread cost time = 26.65 ms 
------------------
[Timer](139855902861056): Wait sync cost time = 0.00 ms 
[Timer](139855902861056): Query points for match cost time = 0.15 ms 
[Timer](139855902861056): Build kdtree cost time = 0.00 ms 
[Timer](139855902861056): Pose optimization cost time = 24.30 ms 
[Timer](139855902861056): Add new frame cost time = 0.35 ms 
[Timer](139855902861056): Frame process cost time = 24.86 ms 
[Timer](139855919646464): Prepare to enter thread cost time = 25.05 ms 
[Timer](139855902861056): Wait sync cost time = 0.00 ms 
[Timer](139855902861056): Query points for match cost time = 0.04 ms 
[Timer](139855902861056): Build kdtree cost time = 0.00 ms 
------------------
[Timer](139855902861056): Pose optimization cost time = 19.86 ms 
[Timer](139855902861056): Add new frame cost time = 0.34 ms 
[Timer](139855902861056): Frame process cost time = 20.30 ms 
[Timer](139855919646464): Prepare to enter thread cost time = 20.32 ms 
[Timer](139855902861056): Wait sync cost time = 0.00 ms 
------------------
[Timer](139855902861056): Query points for match cost time = 0.07 ms 
[Timer](139855902861056): Build kdtree cost time = 0.00 ms 
[Timer](139855902861056): Pose optimization cost time = 22.05 ms 
[Timer](139855902861056): Add new frame cost time = 0.39 ms 
[Timer](139855902861056): Frame process cost time = 22.56 ms 
[Timer](139855919646464): Prepare to enter thread cost time = 22.61 ms 
[Timer](139855902861056): Wait sync cost time = 0.00 ms 
[Timer](139855902861056): Query points for match cost time = 0.06 ms 
[Timer](139855902861056): Build kdtree cost time = 0.00 ms 
------------------
[Timer](139855902861056): Pose optimization cost time = 5.98 ms 
[Timer](139855902861056): Add new frame cost time = 0.41 ms 
[Timer](139855902861056): Frame process cost time = 6.50 ms 
[Timer](139855919646464): Prepare to enter thread cost time = 6.51 ms 
------------------
[Timer](139855902861056): Wait sync cost time = 0.00 ms 
[Timer](139855902861056): Query points for match cost time = 0.09 ms 
[Timer](139855902861056): Build kdtree cost time = 0.00 ms 
[Timer](139855902861056): Pose optimization cost time = 3.18 ms 
[Timer](139855902861056): Add new frame cost time = 0.36 ms 
[Timer](139855902861056): Frame process cost time = 3.68 ms 
[Timer](139855919646464): Prepare to enter thread cost time = 3.76 ms 
------------------
[Timer](139855902861056): Wait sync cost time = 0.00 ms 
[Timer](139855902861056): Query points for match cost time = 0.08 ms 
[Timer](139855902861056): Build kdtree cost time = 0.00 ms 
[Timer](139855902861056): Pose optimization cost time = 24.79 ms 
[Timer](139855902861056): Add new frame cost time = 0.40 ms 
[Timer](139855902861056): Frame process cost time = 25.33 ms 
[Timer](139855919646464): Prepare to enter thread cost time = 25.43 ms 
[Timer](139855902861056): Wait sync cost time = 0.00 ms 
[Timer](139855902861056): Wait sync cost time = 0.00 ms 
------------------
[Timer](139855902861056): Query points for match cost time = 0.07 ms 
[Timer](139855902861056): Build kdtree cost time = 0.00 ms 
[Timer](139855902861056): Pose optimization cost time = 31.05 ms 
[Timer](139855902861056): Add new frame cost time = 0.39 ms 
[Timer](139855902861056): Frame process cost time = 31.56 ms 
[Timer](139855919646464): Prepare to enter thread cost time = 31.64 ms 
------------------
[Timer](139855902861056): Wait sync cost time = 0.00 ms 
[Timer](139855902861056): Query points for match cost time = 0.08 ms 
[Timer](139855902861056): Build kdtree cost time = 0.00 ms 
[Timer](139855902861056): Pose optimization cost time = 1.71 ms 
[Timer](139855902861056): Add new frame cost time = 0.51 ms 
[Timer](139855902861056): Frame process cost time = 2.37 ms 
[Timer](139855919646464): Prepare to enter thread cost time = 2.42 ms 
------------------
[Timer](139855902861056): Wait sync cost time = 0.00 ms 
[Timer](139855902861056): Query points for match cost time = 0.06 ms 
[Timer](139855902861056): Build kdtree cost time = 0.00 ms 
[Timer](139855902861056): Pose optimization cost time = 13.45 ms 
[Timer](139855902861056): Add new frame cost time = 0.41 ms 
[Timer](139855902861056): Frame process cost time = 13.99 ms 
[Timer](139855919646464): Prepare to enter thread cost time = 14.23 ms 
[Timer](139855902861056): Wait sync cost time = 0.00 ms 
------------------
[Timer](139855902861056): Query points for match cost time = 0.06 ms 
[Timer](139855902861056): Build kdtree cost time = 0.00 ms 
[Timer](139855902861056): Pose optimization cost time = 11.06 ms 
[Timer](139855902861056): Add new frame cost time = 0.37 ms 
[Timer](139855902861056): Frame process cost time = 11.53 ms 
[Timer](139855919646464): Prepare to enter thread cost time = 11.60 ms 
------------------
[Timer](139855902861056): Wait sync cost time = 0.00 ms 
[Timer](139855902861056): Query points for match cost time = 0.08 ms 
[Timer](139855902861056): Build kdtree cost time = 0.00 ms 
[Timer](139855902861056): Pose optimization cost time = 13.12 ms 
[Timer](139855902861056): Add new frame cost time = 0.95 ms 
[Timer](139855902861056): Frame process cost time = 14.26 ms 
[Timer](139855919646464): Prepare to enter thread cost time = 14.50 ms 
------------------
[Timer](139855902861056): Wait sync cost time = 0.00 ms 
[Timer](139855902861056): Query points for match cost time = 0.16 ms 
[Timer](139855902861056): Build kdtree cost time = 0.00 ms 
[Timer](139855902861056): Pose optimization cost time = 31.12 ms 
[Timer](139855902861056): Add new frame cost time = 0.61 ms 
[Timer](139855902861056): Frame process cost time = 31.98 ms 
[Timer](139855919646464): Prepare to enter thread cost time = 32.14 ms 
[Timer](139855902861056): Wait sync cost time = 0.00 ms 
------------------
[Timer](139855902861056): Query points for match cost time = 0.09 ms 
[Timer](139855902861056): Build kdtree cost time = 0.00 ms 
[Timer](139855902861056): Pose optimization cost time = 7.34 ms 
[Timer](139855902861056): Add new frame cost time = 0.44 ms 
[Timer](139855902861056): Frame process cost time = 7.91 ms 
[Timer](139855919646464): Prepare to enter thread cost time = 7.93 ms 
[Timer](139855902861056): Wait sync cost time = 0.00 ms 
------------------
[Timer](139855902861056): Query points for match cost time = 0.06 ms 
[Timer](139855902861056): Build kdtree cost time = 0.00 ms 
[Timer](139855902861056): Pose optimization cost time = 29.00 ms 
[Timer](139855902861056): Add new frame cost time = 0.54 ms 
[Timer](139855902861056): Frame process cost time = 29.67 ms 
[Timer](139855919646464): Prepare to enter thread cost time = 29.73 ms 
------------------
[Timer](139855902861056): Wait sync cost time = 0.00 ms 
[Timer](139855902861056): Query points for match cost time = 0.08 ms 
[Timer](139855902861056): Build kdtree cost time = 0.00 ms 
[Timer](139855902861056): Pose optimization cost time = 25.48 ms 
[Timer](139855902861056): Add new frame cost time = 0.45 ms 
[Timer](139855902861056): Frame process cost time = 26.06 ms 
[Timer](139855919646464): Prepare to enter thread cost time = 26.18 ms 
------------------
[Timer](139855902861056): Wait sync cost time = 0.00 ms 
[Timer](139855902861056): Query points for match cost time = 0.08 ms 
[Timer](139855902861056): Build kdtree cost time = 0.00 ms 
[Timer](139855902861056): Pose optimization cost time = 22.22 ms 
[Timer](139855902861056): Add new frame cost time = 0.40 ms 
[Timer](139855902861056): Frame process cost time = 22.75 ms 
[Timer](139855919646464): Prepare to enter thread cost time = 22.90 ms 
------------------
[Timer](139855902861056): Wait sync cost time = 0.00 ms 
[Timer](139855902861056): Query points for match cost time = 0.08 ms 
[Timer](139855902861056): Build kdtree cost time = 0.00 ms 
[Timer](139855902861056): Pose optimization cost time = 7.30 ms 
[Timer](139855902861056): Add new frame cost time = 0.40 ms 
[Timer](139855902861056): Frame process cost time = 7.84 ms 
[Timer](139855919646464): Prepare to enter thread cost time = 7.94 ms 
------------------
[Timer](139855902861056): Wait sync cost time = 0.00 ms 
[Timer](139855902861056): Query points for match cost time = 0.07 ms 
[Timer](139855902861056): Build kdtree cost time = 0.00 ms 
[Timer](139855902861056): Pose optimization cost time = 21.91 ms 
[Timer](139855902861056): Add new frame cost time = 0.43 ms 
[Timer](139855902861056): Frame process cost time = 22.47 ms 
[Timer](139855919646464): Prepare to enter thread cost time = 22.58 ms 
------------------
[Timer](139855902861056): Wait sync cost time = 0.00 ms 
[Timer](139855902861056): Query points for match cost time = 0.12 ms 
[Timer](139855902861056): Build kdtree cost time = 0.00 ms 
[Timer](139855902861056): Pose optimization cost time = 11.03 ms 
[Timer](139855902861056): Add new frame cost time = 0.54 ms 
[Timer](139855902861056): Frame process cost time = 11.76 ms 
[Timer](139855919646464): Prepare to enter thread cost time = 11.92 ms 
------------------
[Timer](139855902861056): Wait sync cost time = 0.00 ms 
[Timer](139855902861056): Query points for match cost time = 0.17 ms 
[Timer](139855902861056): Build kdtree cost time = 0.00 ms 
[Timer](139855902861056): Pose optimization cost time = 13.20 ms 
[Timer](139855902861056): Add new frame cost time = 0.35 ms 
[Timer](139855902861056): Frame process cost time = 13.77 ms 
[Timer](139855919646464): Prepare to enter thread cost time = 13.92 ms 
[Timer](139855902861056): Wait sync cost time = 0.00 ms 
[Timer](139855902861056): Wait sync cost time = 0.00 ms 
------------------
[Timer](139855902861056): Query points for match cost time = 0.08 ms 
[Timer](139855902861056): Build kdtree cost time = 0.00 ms 
[Timer](139855902861056): Pose optimization cost time = 2.83 ms 
[Timer](139855902861056): Add new frame cost time = 0.31 ms 
[Timer](139855902861056): Frame process cost time = 3.26 ms 
[Timer](139855919646464): Prepare to enter thread cost time = 3.27 ms 
------------------
[Timer](139855902861056): Wait sync cost time = 0.00 ms 
[Timer](139855902861056): Query points for match cost time = 0.05 ms 
[Timer](139855902861056): Build kdtree cost time = 0.00 ms 
[Timer](139855902861056): Pose optimization cost time = 10.54 ms 
[Timer](139855902861056): Add new frame cost time = 0.36 ms 
[Timer](139855902861056): Frame process cost time = 11.01 ms 
[Timer](139855919646464): Prepare to enter thread cost time = 11.17 ms 
------------------
[Timer](139855902861056): Wait sync cost time = 0.00 ms 
[Timer](139855902861056): Query points for match cost time = 0.07 ms 
[Timer](139855902861056): Build kdtree cost time = 0.00 ms 
[Timer](139855902861056): Pose optimization cost time = 1.46 ms 
[Timer](139855902861056): Add new frame cost time = 0.27 ms 
[Timer](139855902861056): Frame process cost time = 1.83 ms 
[Timer](139855919646464): Prepare to enter thread cost time = 1.89 ms 
------------------
[Timer](139855902861056): Wait sync cost time = 0.00 ms 
[Timer](139855902861056): Query points for match cost time = 0.04 ms 
[Timer](139855902861056): Build kdtree cost time = 0.00 ms 
[Timer](139855902861056): Pose optimization cost time = 22.91 ms 
[Timer](139855902861056): Add new frame cost time = 0.37 ms 
[Timer](139855902861056): Frame process cost time = 23.39 ms 
[Timer](139855919646464): Prepare to enter thread cost time = 23.53 ms 
[Timer](139855902861056): Wait sync cost time = 0.00 ms 
[Timer](139855902861056): Query points for match cost time = 0.05 ms 
[Timer](139855902861056): Build kdtree cost time = 0.00 ms 
------------------
[Timer](139855902861056): Pose optimization cost time = 3.21 ms 
[Timer](139855902861056): Add new frame cost time = 0.36 ms 
[Timer](139855902861056): Frame process cost time = 3.66 ms 
[Timer](139855919646464): Prepare to enter thread cost time = 3.69 ms 
------------------
[Timer](139855902861056): Wait sync cost time = 0.00 ms 
[Timer](139855902861056): Query points for match cost time = 0.06 ms 
[Timer](139855902861056): Build kdtree cost time = 0.00 ms 
